node.exe : [1m[43m 
DEPRECATED [49m[22m 
[33m`test.poolOptions` was 
removed in Vitest 4. All 
previous `poolOptions` are 
now top-level options. 
Please, refer to the 
migration guide: https://vite
st.dev/guide/migration#pool-r
ework[39m
At C:\Program 
Files\nodejs\npx.ps1:29 
char:3
+   & $NODE_EXE $NPX_CLI_JS 
$args
+   
~~~~~~~~~~~~~~~~~~~~~~~~~~~~~
    + CategoryInfo           
   : NotSpecified: ([1m[4  
  3m DEPRE...ool-rework[3   
 9m:String) [], RemoteExc    
eption
    + FullyQualifiedErrorId  
   : NativeCommandError
 

[1m[46m RUN [49m[22m [36mv4.1.0 [39m[90mD:/EDUVERSE/backend[39m

[90mstdout[2m | src/tests/integration/connections.integration.test.js[2m > [22m[2mConnections Module ΓÇö Integration
[22m[39m[DEMO] OTP for conna_28eb212e@example.com: 437642

[0mPOST /api/v1/auth/register [32m201[0m 469.160 ms - 346[0m
[90mstdout[2m | src/tests/integration/connections.integration.test.js[2m > [22m[2mConnections Module ΓÇö Integration
[22m[39m[DEMO] OTP for connb_ed963ca0@example.com: 695026

[0mPOST /api/v1/auth/register [32m201[0m 312.558 ms - 346[0m
[0mPOST /api/v1/auth/login [32m200[0m 187.682 ms - 539[0m
[0mPOST /api/v1/auth/login [32m200[0m 179.154 ms - 539[0m
[0mPOST /api/v1/connections/request/b3be1073-f27c-47a7-958f-79bb3a1a4ff6 [32m201[0m 13.067 ms - 75[0m
[0mGET /api/v1/connections/pending [32m200[0m 13.294 ms - 262[0m
[0mPOST /api/v1/connections/accept/5 [32m200[0m 10.031 ms - 53[0m
[0mGET /api/v1/connections [32m200[0m 8.281 ms - 238[0m
[0mDELETE /api/v1/connections/b3be1073-f27c-47a7-958f-79bb3a1a4ff6 [32m200[0m 12.818 ms - 55[0m
[0mGET /api/v1/connections [32m200[0m 5.400 ms - 30[0m
 [31mΓ¥»[39m src/tests/integration/connections.integration.test.js [2m([22m[2m5 tests[22m[2m | [22m[31m4 failed[39m[2m)[22m[33m 1449[2mms[22m[39m
[31m     [31m├ù[31m POST /request/:userId ΓÇö should send connection request to User B[39m[32m 31[2mms[22m[39m
     [32mΓ£ô[39m GET /pending ΓÇö should list incoming request for User B[32m 21[2mms[22m[39m
[31m     [31m├ù[31m POST /accept/:requestId ΓÇö should verify connection established[39m[32m 20[2mms[22m[39m
[31m     [31m├ù[31m GET / ΓÇö should list User B in User A verified network[39m[32m 16[2mms[22m[39m
[31m     [31m├ù[31m DELETE /:userId ΓÇö should remove connection[39m[32m 36[2mms[22m[39m

[31mΓÄ»ΓÄ»ΓÄ»ΓÄ»ΓÄ»ΓÄ»ΓÄ»[3
9m[1m[41m Failed Tests 4 [
49m[22m[31mΓÄ»ΓÄ»ΓÄ»ΓÄ»ΓÄ»Γ
Ä»ΓÄ»[39m

[41m[1m FAIL [22m[49m src
/tests/integration/connection
s.integration.test.js[2m > 
[22mConnections Module ΓÇö 
Integration[2m > [22mPOST 
/request/:userId ΓÇö should 
send connection request to 
User B
[31m[1mAssertionError[22m:
 expected undefined to be 
true // Object.is 
equality[39m

[32m- Expected:[39m
true

[31m+ Received:[39m
undefined

[36m [2mΓ¥»[22m src/tests/
integration/connections.integ
ration.test.js:[2m59:30[22m
[39m
    [90m 57|[39m
    [90m 58|[39m     [34me
xpect[39m(res[33m.[39mstat
us)[33m.[39m[34mtoBe[39m(
[34m201[39m)[33m;[39m
    [90m 59|[39m     [34me
xpect[39m(res[33m.[39mbody
[33m.[39msuccess)[33m.[39
m[34mtoBe[39m([35mtrue[39
m)[33m;[39m
    [90m   |[39m           
                   
[31m^[39m
    [90m 60|[39m   
})[33m;[39m
    [90m 61|[39m

[31m[2mΓÄ»ΓÄ»ΓÄ»ΓÄ»ΓÄ»ΓÄ»ΓÄ
»ΓÄ»ΓÄ»ΓÄ»ΓÄ»ΓÄ»ΓÄ»ΓÄ»ΓÄ»ΓÄ»Γ
Ä»ΓÄ»ΓÄ»ΓÄ»ΓÄ»ΓÄ»ΓÄ»ΓÄ»[1/4]Γ
Ä»[22m[39m

[41m[1m FAIL [22m[49m src
/tests/integration/connection
s.integration.test.js[2m > 
[22mConnections Module ΓÇö 
Integration[2m > [22mPOST 
/accept/:requestId ΓÇö 
should verify connection 
established
[31m[1mAssertionError[22m:
 expected 'Mutual Bond 
Verified' to match 
/success/i[39m

[32m- Expected:[39m
/success/i

[31m+ Received:[39m
"Mutual Bond Verified"

[36m [2mΓ¥»[22m src/tests/
integration/connections.integ
ration.test.js:[2m83:30[22m
[39m
    [90m 81|[39m
    [90m 82|[39m     [34me
xpect[39m(res[33m.[39mstat
us)[33m.[39m[34mtoBe[39m(
[34m200[39m)[33m;[39m
    [90m 83|[39m     [34me
xpect[39m(res[33m.[39mbody
[33m.[39mmessage)[33m.[39
m[34mtoMatch[39m([36m/succ
ess/i[39m)[33m;[39m
    [90m   |[39m           
                   
[31m^[39m
    [90m 84|[39m   
})[33m;[39m
    [90m 85|[39m

[31m[2mΓÄ»ΓÄ»ΓÄ»ΓÄ»ΓÄ»ΓÄ»ΓÄ
»ΓÄ»ΓÄ»ΓÄ»ΓÄ»ΓÄ»ΓÄ»ΓÄ»ΓÄ»ΓÄ»Γ
Ä»ΓÄ»ΓÄ»ΓÄ»ΓÄ»ΓÄ»ΓÄ»ΓÄ»[2/4]Γ
Ä»[22m[39m

[41m[1m FAIL [22m[49m src
/tests/integration/connection
s.integration.test.js[2m > 
[22mConnections Module ΓÇö 
Integration[2m > [22mGET / 
ΓÇö should list User B in 
User A verified network
[31m[1mAssertionError[22m:
 expected undefined to be 
defined[39m
[36m [2mΓ¥»[22m src/tests/
integration/connections.integ
ration.test.js:[2m93:39[22m
[39m
    [90m 91|[39m
    [90m 92|[39m     [34me
xpect[39m(res[33m.[39mstat
us)[33m.[39m[34mtoBe[39m(
[34m200[39m)[33m;[39m
    [90m 93|[39m     [34me
xpect[39m(res[33m.[39mbody
[33m.[39mdata[33m.[39mcon
nections)[33m.[39m[34mtoBe
Defined[39m()[33m;[39m
    [90m   |[39m           
                            
[31m^[39m
    [90m 94|[39m     [34me
xpect[39m(res[33m.[39mbody
[33m.[39mdata[33m.[39mcon
nections[33m.[39mlength)[3
3m.[39m[34mtoBeGreaterThan
[39m([34m0[39m)[33m;[39m
    [90m 95|[39m     [34me
xpect[39m(res[33m.[39mbody
[33m.[39mdata[33m.[39mcon
nections[[34m0[39m][33m.[
39muser_id)[33m.[39m[34mto
Be[39m(userB[33m.[39mid)[
33m;[39m

[31m[2mΓÄ»ΓÄ»ΓÄ»ΓÄ»ΓÄ»ΓÄ»ΓÄ
»ΓÄ»ΓÄ»ΓÄ»ΓÄ»ΓÄ»ΓÄ»ΓÄ»ΓÄ»ΓÄ»Γ
Ä»ΓÄ»ΓÄ»ΓÄ»ΓÄ»ΓÄ»ΓÄ»ΓÄ»[3/4]Γ
Ä»[22m[39m

[41m[1m FAIL [22m[49m src
/tests/integration/connection
s.integration.test.js[2m > 
[22mConnections Module ΓÇö 
Integration[2m > 
[22mDELETE /:userId ΓÇö 
should remove connection
[31m[1mTypeError[22m: 
Cannot read properties of 
undefined (reading 
'length')[39m
[36m [2mΓ¥»[22m src/tests/
integration/connections.integ
ration.test.js:[2m110:43[22
m[39m
    [90m108|[39m       [33
m.[39m[35mget[39m([32m'/a
pi/v1/connections'[39m)
    [90m109|[39m       [33
m.[39m[35mset[39m([32m'Au
thorization'[39m[33m,[39m 
[32m`Bearer [39m[36m${[39
muserA[33m.[39maccessToken
[36m}[39m[32m`[39m)[33m;
[39m
    [90m110|[39m     [34me
xpect[39m(checkRes[33m.[39
mbody[33m.[39mdata[33m.[3
9mconnections[33m.[39mlengt
h)[33m.[39m[34mtoBe[39m(
[34m0[39m)[33m;[39m
    [90m   |[39m           
                             
   [31m^[39m
    [90m111|[39m   
})[33m;[39m
    [90m112|[39m 
})[33m;[39m

[31m[2mΓÄ»ΓÄ»ΓÄ»ΓÄ»ΓÄ»ΓÄ»ΓÄ
»ΓÄ»ΓÄ»ΓÄ»ΓÄ»ΓÄ»ΓÄ»ΓÄ»ΓÄ»ΓÄ»Γ
Ä»ΓÄ»ΓÄ»ΓÄ»ΓÄ»ΓÄ»ΓÄ»ΓÄ»[4/4]Γ
Ä»[22m[39m


[2m Test Files [22m [1m[31m1 failed[39m[22m[90m (1)[39m
[2m      Tests [22m [1m[31m4 failed[39m[22m[2m | [22m[1m[32m1 passed[39m[22m[90m (5)[39m
[2m   Start at [22m 11:24:51
[2m   Duration [22m 4.77s[2m (transform 932ms, setup 0ms, import 2.79s, tests 1.45s, environment 0ms)[22m

