
> [22m[39m[ERROR] [d74a5a32
-5563-4bc1-a6a3-5bd3aad9154a]
 Validation failed {
    errorCode: 
[32m'VALIDATION_ERROR'[39m,
    path: [32m'/api/v1/auth/
register'[39m,
    method: [32m'POST'[39m,
>   stack: [32m'Error: 
Validation failed\n'[39m +
      [32m'    at 
createError (D:/EDUVERSE/back
end/src/utils/ApiError.js:14:
15)\n'[39m +
      [32m'    at validate (
D:/EDUVERSE/backend/src/middl
ewares/validate.middleware.js
:17:28)\n'[39m +
      [32m'    at 
Layer.handle [as 
handle_request] (D:\\EDUVERSE
\\backend\\node_modules\\expr
ess\\lib\\router\\layer.js:95
:5)\n'[39m +
      [32m'    at next (D:\\
EDUVERSE\\backend\\node_modul
es\\express\\lib\\router\\rou
te.js:149:13)\n'[39m +
      [32m'    at 
middleware (D:\\EDUVERSE\\bac
kend\\node_modules\\express-v
alidator\\lib\\middlewares\\c
heck.js:16:13)\n'[39m +
      [32m'    at 
processTicksAndRejections (no
de:internal/process/task_queu
es:105:5)'[39m
  }
  System.Management.Automatio
n.RemoteException
  [0mPOST 
/api/v1/auth/register 
[33m422[0m 15.475 ms - 
232[0m
  [90mstdout[2m | src/tests
/integration/auth.integration
.test.js[2m > [22m[2mPOST 
/api/v1/auth/register[2m > 
[22m[2mshould register a 
new user and return 201 with 
userId and email
  [22m[39m
  [DEMO] OTP for 
auth_1064ac55@example.com: 
203558
  
  
  [90mstdout[2m | src/tests
/integration/auth.integration
.test.js[2m > [22m[2mPOST 
/api/v1/auth/register[2m > 
[22m[2mshould register a 
new user and return 201 with 
userId and email
  [22m[39mΓ£ë∩╕Å  Email 
sent: <fc12b655-b6df-be04-88d
5-a2cc79b4648d@gmail.com>
  
  [0mPOST 
/api/v1/auth/register 
[32m201[0m 3755.839 ms - 
417[0m
  [90mstderr[2m | src/tests
/integration/auth.integration
.test.js[2m > [22m[2mPOST 
/api/v1/auth/register[2m > 
[22m[2mshould return 409 
when attempting to register 
with the same email
  [22m[39m[ERROR] [0faf0056
-ef12-4d1d-8328-7e3a3abef78a]
 Email already in use {
> [22m[39m[ERROR] [ac03b40c
-5048-4e6f-b875-6ccfb13a9173]
 Validation failed {
    errorCode: 
[32m'VALIDATION_ERROR'[39m,
    path: [32m'/api/v1/auth/
login'[39m,
    method: [32m'POST'[39m,
>   stack: [32m'Error: 
Validation failed\n'[39m +
      [32m'    at 
createError (D:/EDUVERSE/back
end/src/utils/ApiError.js:14:
15)\n'[39m +
      [32m'    at validate (
D:/EDUVERSE/backend/src/middl
ewares/validate.middleware.js
:17:28)\n'[39m +
      [32m'    at 
Layer.handle [as 
handle_request] (D:\\EDUVERSE
\\backend\\node_modules\\expr
ess\\lib\\router\\layer.js:95
:5)\n'[39m +
      [32m'    at next (D:\\
EDUVERSE\\backend\\node_modul
es\\express\\lib\\router\\rou
te.js:149:13)\n'[39m +
      [32m'    at 
middleware (D:\\EDUVERSE\\bac
kend\\node_modules\\express-v
alidator\\lib\\middlewares\\c
heck.js:16:13)\n'[39m +
      [32m'    at 
processTicksAndRejections (no
de:internal/process/task_queu
es:105:5)'[39m
  }
  System.Management.Automatio
n.RemoteException
  [0mPOST 
/api/v1/auth/login 
[33m422[0m 10.841 ms - 
229[0m
  [0mPOST 
/api/v1/auth/login 
[32m200[0m 82.330 ms - 
523[0m
  [0mGET /api/v1/auth/me 
[33m401[0m 1.944 ms - 
237[0m
  [90mstderr[2m | src/tests
/integration/auth.integration
.test.js[2m > [22m[2mGET 
/api/v1/auth/me ΓÇö auth 
middleware[2m > 
[22m[2mshould return 401 
when no token is provided
  [22m[39m[ERROR] [569d6a5e
-29cb-4da1-964a-be42d47f2e74]
 Not authorized, no token 
provided {
    errorCode: 
[32m'UNAUTHORIZED'[39m,
    path: 
[32m'/api/v1/auth/me'[39m,
    method: [32m'GET'[39m,
    stack: [32m'Error: Not 
authorized, no token 
provided\n'[39m +
      [32m'    at 
createError (D:/EDUVERSE/back
end/src/utils/ApiError.js:14:
15)\n'[39m +
      [32m'    at D:/EDUVERS
E/backend/src/middlewares/aut
h.middleware.js:14:22\n'[39m
 +
      [32m'    at D:/EDUVERS
E/backend/src/utils/asyncHand
ler.js:14:19\n'[39m +
> [22m[39m[ERROR] [2045d868
-88df-4967-9918-ebdba997c124]
 Not authorized, token 
failed or expired {
    errorCode: 
[32m'UNAUTHORIZED'[39m,
    path: 
[32m'/api/v1/auth/me'[39m,
    method: [32m'GET'[39m,
>   stack: [32m'Error: Not 
authorized, token failed or 
expired\n'[39m +
      [32m'    at 
createError (D:/EDUVERSE/back
end/src/utils/ApiError.js:14:
15)\n'[39m +
      [32m'    at D:/EDUVERS
E/backend/src/middlewares/aut
h.middleware.js:29:22\n'[39m
 +
      [32m'    at D:/EDUVERS
E/backend/src/utils/asyncHand
ler.js:14:19\n'[39m +
      [32m'    at 
Layer.handle [as 
handle_request] (D:\\EDUVERSE
\\backend\\node_modules\\expr
ess\\lib\\router\\layer.js:95
:5)\n'[39m +
      [32m'    at next (D:\\
EDUVERSE\\backend\\node_modul
es\\express\\lib\\router\\rou
te.js:149:13)\n'[39m +
      [32m'    at 
Route.dispatch (D:\\EDUVERSE\
\backend\\node_modules\\expre
ss\\lib\\router\\route.js:119
:3)\n'[39m +
      [32m'    at 
Layer.handle [as 
handle_request] (D:\\EDUVERSE
\\backend\\node_modules\\expr
ess\\lib\\router\\layer.js:95
:5)\n'[39m +
      [32m'    at D:\\EDUVER
SE\\backend\\node_modules\\ex
press\\lib\\router\\index.js:
284:15\n'[39m +
      [32m'    at 
Function.process_params (D:\\
EDUVERSE\\backend\\node_modul
es\\express\\lib\\router\\ind
ex.js:346:12)\n'[39m +
      [32m'    at next (D:\\
EDUVERSE\\backend\\node_modul
es\\express\\lib\\router\\ind
ex.js:280:10)'[39m
  }
  System.Management.Automatio
n.RemoteException
  [0mGET /api/v1/auth/me 
[32m200[0m 7.690 ms - 
406[0m
  [90mstderr[2m | src/tests
/integration/auth.integration
.test.js[2m > [22m[2mPOST 
/api/v1/auth/refresh[2m > 
[22m[2mshould return 401 
when no refresh token is 
provided
  [22m[39m[ERROR] [7daa6e7a
-bb26-4e86-ba65-e610a6480d0e]
 No refresh token provided {
    errorCode: 
[32m'UNAUTHORIZED'[39m,
    path: [32m'/api/v1/auth/
refresh'[39m,
    method: [32m'POST'[39m,
    stack: [32m'Error: No 
refresh token 
provided\n'[39m +
      [32m'    at 
createError (D:/EDUVERSE/back
end/src/utils/ApiError.js:14:
15)\n'[39m +
>  [31mΓ¥»[39m src/tests/in
tegration/auth.integration.te
st.js [2m([22m[2m21 
tests[22m[2m | [22m[31m3 
failed[39m[2m)[22m[33m 
8366[2mms[22m[39m
       [32mΓ£ô[39m GET / 
should return 200 with 
running status[32m 
23[2mms[22m[39m
       [32mΓ£ô[39m should 
return 422 when required 
fields are missing[32m 
20[2mms[22m[39m
       
[33m[2mΓ£ô[22m[39m 
should register a new user 
and return 201 with userId 
and email [33m 
3763[2mms[22m[39m
       [32mΓ£ô[39m should 
return 409 when attempting 
to register with the same 
email[32m 22[2mms[22m[39m
       [32mΓ£ô[39m should 
return 403 when trying to 
login before email is 
verified[32m 
12[2mms[22m[39m
       [32mΓ£ô[39m should 
return 400 for an 
invalid/wrong OTP[32m 
87[2mms[22m[39m
       [32mΓ£ô[39m should 
verify OTP from DB and 
return tokens[32m 
101[2mms[22m[39m
       [32mΓ£ô[39m should 
return 404 for unknown 
email[32m 7[2mms[22m[39m
       [32mΓ£ô[39m should 
return 401 for wrong 
password[32m 
93[2mms[22m[39m
       [32mΓ£ô[39m should 
return 422 when email or 
password is missing[32m 
18[2mms[22m[39m
       [32mΓ£ô[39m should 
login successfully and 
return user object with 
correct fields[32m 
89[2mms[22m[39m
       [32mΓ£ô[39m should 
return 401 when no token is 
provided[32m 
5[2mms[22m[39m
       [32mΓ£ô[39m should 
return 401 for an 
invalid/tampered token[32m 
6[2mms[22m[39m
  [31m     [31m├ù[31m 
should return 200 with 
current user data for a 
valid token[39m[32m 
15[2mms[22m[39m
       [32mΓ£ô[39m should 
return 401 when no refresh 
token is provided[32m 
5[2mms[22m[39m
       [32mΓ£ô[39m should 
return 401 for an invalid 
refresh token[32m 
4[2mms[22m[39m
       [32mΓ£ô[39m should 
issue a new access token 
with a valid refresh 
token[32m 7[2mms[22m[39m
       [32mΓ£ô[39m should 
return 200 and clear auth 
state[32m 3[2mms[22m[39m
  [31m     [31m├ù[31m 
should return safe 
anti-enumeration message 
even for unknown 
email[39m[32m 
5[2mms[22m[39m
  [31m     [31m├ù[31m 
should return 200 with safe 
message for valid registered 
email[39m[33m 
3947[2mms[22m[39m
> [31mΓÄ»ΓÄ»ΓÄ»ΓÄ»ΓÄ»ΓÄ»ΓÄ»
[39m[1m[41m Failed Tests 3 
[49m[22m[31mΓÄ»ΓÄ»ΓÄ»ΓÄ»ΓÄ
»ΓÄ»ΓÄ»[39m
  System.Management.Automatio
n.RemoteException
> [41m[1m FAIL [22m[49m s
rc/tests/integration/auth.int
egration.test.js[2m > 
[22mGET /api/v1/auth/me ΓÇö 
auth middleware[2m > 
[22mshould return 200 with 
current user data for a 
valid token
  [31m[1mAssertionError[22
m: expected { user: { ΓÇª(6) 
} } to have property "email" 
with value 'auth_1064ac55@exa
mple.com'[39m
  System.Management.Automatio
n.RemoteException
  [32m- Expected:[39m
  "auth_1064ac55@example.com"
  System.Management.Automatio
n.RemoteException
  [31m+ Received:[39m
  undefined
  System.Management.Automatio
n.RemoteException
  [36m [2mΓ¥»[22m src/test
s/integration/auth.integratio
n.test.js:[2m224:27[22m[39
m
      [90m222|[39m
      [90m223|[39m     [34
mexpect[39m(res[33m.[39mst
atus)[33m.[39m[34mtoBe[39
m([34m200[39m)[33m;[39m
      [90m224|[39m     [34
mexpect[39m(res[33m.[39mbo
dy[33m.[39mdata)[33m.[39m
[34mtoHaveProperty[39m([32
m'email'[39m[33m,[39m [33
mTEST_EMAIL[39m)[33m;[39m
      [90m   |[39m         
                  [31m^[39m
      [90m225|[39m   
})[33m;[39m
      [90m226|[39m 
})[33m;[39m
  System.Management.Automatio
n.RemoteException
  [31m[2mΓÄ»ΓÄ»ΓÄ»ΓÄ»ΓÄ»ΓÄ»
ΓÄ»ΓÄ»ΓÄ»ΓÄ»ΓÄ»ΓÄ»ΓÄ»ΓÄ»ΓÄ»ΓÄ
»ΓÄ»ΓÄ»ΓÄ»ΓÄ»ΓÄ»ΓÄ»ΓÄ»ΓÄ»[1/3
]ΓÄ»[22m[39m
  System.Management.Automatio
n.RemoteException
> [41m[1m FAIL [22m[49m s
rc/tests/integration/auth.int
egration.test.js[2m > 
[22mPOST /api/v1/auth/forgot
-password[2m > [22mshould 
return safe anti-enumeration 
message even for unknown 
email
  [31m[1mTypeError[22m: 
Cannot read properties of 
undefined (reading 
'message')[39m
  [36m [2mΓ¥»[22m src/test
s/integration/auth.integratio
n.test.js:[2m272:26[22m[39
m
      [90m270|[39m     
[90m// Must NOT reveal 
whether user exists ΓÇö 
always 200[39m
      [90m271|[39m     [34
mexpect[39m(res[33m.[39mst
atus)[33m.[39m[34mtoBe[39
m([34m200[39m)[33m;[39m
      [90m272|[39m     [34
mexpect[39m(res[33m.[39mbo
dy[33m.[39mdata[33m.[39mm
essage)[33m.[39m[34mtoMatc
h[39m([36m/if an account 
exists/i[39m)[33m;[39m
      [90m   |[39m         
                 [31m^[39m
      [90m273|[39m   
})[33m;[39m
      [90m274|[39m
  System.Management.Automatio
n.RemoteException
  [31m[2mΓÄ»ΓÄ»ΓÄ»ΓÄ»ΓÄ»ΓÄ»
ΓÄ»ΓÄ»ΓÄ»ΓÄ»ΓÄ»ΓÄ»ΓÄ»ΓÄ»ΓÄ»ΓÄ
»ΓÄ»ΓÄ»ΓÄ»ΓÄ»ΓÄ»ΓÄ»ΓÄ»ΓÄ»[2/3
]ΓÄ»[22m[39m
  System.Management.Automatio
n.RemoteException
> [41m[1m FAIL [22m[49m s
rc/tests/integration/auth.int
egration.test.js[2m > 
[22mPOST /api/v1/auth/forgot
-password[2m > [22mshould 
return 200 with safe message 
for valid registered email
  [31m[1mTypeError[22m: 
Cannot read properties of 
undefined (reading 
'message')[39m
  [36m [2mΓ¥»[22m src/test
s/integration/auth.integratio
n.test.js:[2m280:26[22m[39
m
      [90m278|[39m       
[33m.[39m[34msend[39m({ 
email[33m:[39m 
[33mTEST_EMAIL[39m 
})[33m;[39m
      [90m279|[39m     [34
mexpect[39m(res[33m.[39mst
atus)[33m.[39m[34mtoBe[39
m([34m200[39m)[33m;[39m
      [90m280|[39m     [34
mexpect[39m(res[33m.[39mbo
dy[33m.[39mdata[33m.[39mm
essage)[33m.[39m[34mtoMatc
h[39m([36m/if an account 
exists/i[39m)[33m;[39m
      [90m   |[39m         
                 [31m^[39m
      [90m281|[39m   
})[33m;[39m
      [90m282|[39m 
})[33m;[39m
  System.Management.Automatio
n.RemoteException
  [31m[2mΓÄ»ΓÄ»ΓÄ»ΓÄ»ΓÄ»ΓÄ»
ΓÄ»ΓÄ»ΓÄ»ΓÄ»ΓÄ»ΓÄ»ΓÄ»ΓÄ»ΓÄ»ΓÄ
»ΓÄ»ΓÄ»ΓÄ»ΓÄ»ΓÄ»ΓÄ»ΓÄ»ΓÄ»[3/3
]ΓÄ»[22m[39m
  System.Management.Automatio
n.RemoteException
  
> [2m Test Files [22m 
[1m[31m1 
failed[39m[22m[90m 
(1)[39m
> [2m      Tests [22m 
[1m[31m3 
failed[39m[22m[2m | 
[22m[1m[32m18 
passed[39m[22m[90m 
(21)[39m
  [2m   Start at [22m 
10:18:51
  [2m   Duration [22m 
9.95s[2m (transform 448ms, 
setup 0ms, import 1.36s, 
tests 8.37s, environment 
0ms)[22m
  


