node.exe : [1m[43m 
DEPRECATED [49m[22m 
[33m`test.poolOptions` was 
removed in Vitest 4. All 
previous `poolOptions` are 
now top-level options. 
Please, refer to the 
migration guide: https://vite
st.dev/guide/migration#pool-r
ework[39m
At C:\Program 
Files\nodejs\npx.ps1:29 
char:3
+   & $NODE_EXE $NPX_CLI_JS 
$args
+   
~~~~~~~~~~~~~~~~~~~~~~~~~~~~~
    + CategoryInfo           
   : NotSpecified: ([1m[4  
  3m DEPRE...ool-rework[3   
 9m:String) [], RemoteExc    
eption
    + FullyQualifiedErrorId  
   : NativeCommandError
 

[1m[46m RUN [49m[22m [36mv4.1.0 [39m[90mD:/EDUVERSE/backend[39m

[90mstderr[2m | src/tests/i
ntegration/feed.integration.t
est.js[2m > [22m[2mFeed 
Module ΓÇö Integration
[22m[39m[DB_CLEANUP_ERROR] 
Table 'eduverse.saved_posts' 
doesn't exist

[90mstderr[2m | src/tests/i
ntegration/feed.integration.t
est.js[2m > [22m[2mFeed 
Module ΓÇö Integration
[22m[39m[DB_CLEANUP_ERROR] 
Table 'eduverse.saved_posts' 
doesn't exist

 [31mΓ¥»[39m src/tests/integration/feed.integration.test.js [2m([22m[2m6 tests[22m[2m | [22m[33m6 skipped[39m[2m)[22m[32m 114[2mms[22m[39m
     [2m[90mΓåô[39m[22m POST / ΓÇö should publish a text post and return 201
     [2m[90mΓåô[39m[22m GET / ΓÇö should list the published post in home feed
     [2m[90mΓåô[39m[22m POST /:postId/like ΓÇö should increment like count
     [2m[90mΓåô[39m[22m POST /:postId/comments ΓÇö should add a comment and return 201
     [2m[90mΓåô[39m[22m GET /:postId/comments ΓÇö should list the comment
     [2m[90mΓåô[39m[22m DELETE /:postId ΓÇö should hide content from feed

[31mΓÄ»ΓÄ»ΓÄ»ΓÄ»ΓÄ»ΓÄ»[39m
[1m[41m Failed Suites 1 [49
m[22m[31mΓÄ»ΓÄ»ΓÄ»ΓÄ»ΓÄ»ΓÄ»
ΓÄ»[39m

[41m[1m FAIL [22m[49m src
/tests/integration/feed.integ
ration.test.js[2m > 
[22mFeed Module ΓÇö 
Integration
[31m[1mError[22m: Table 
'eduverse.saved_posts' 
doesn't exist[39m
[90m [2mΓ¥»[22m PromisePoo
lConnection.execute node_modu
les/mysql2/lib/promise/connec
tion.js:[2m47:22[22m[39m
[36m [2mΓ¥»[22m dbCleanup 
src/tests/integration/helpers
/db.helper.js:[2m43:18[22m
[39m
    [90m 41|[39m     
[35mfor[39m 
([35mconst[39m table 
[35mof[39m tables) {
    [90m 42|[39m       // 
Check if table exists before 
trying to delete (optional 
but sΓÇª
    [90m 43|[39m       
[35mawait[39m conn[33m.[3
9m[34mexecute[39m([32m`DEL
ETE FROM \`[39m[36m${[39mt
able[36m}[39m[32m\` WHERE 
1`[39m)[33m;[39m
    [90m   |[39m           
       [31m^[39m
    [90m 44|[39m     }
    [90m 45|[39m     
[35mawait[39m conn[33m.[3
9m[34mexecute[39m([32m'SET
 FOREIGN_KEY_CHECKS = 
1'[39m)[33m;[39m
[90m [2mΓ¥»[22m src/tests/
integration/feed.integration.
test.js:[2m22:5[22m[39m

[31m[2mΓÄ»ΓÄ»ΓÄ»ΓÄ»ΓÄ»ΓÄ»ΓÄ
»ΓÄ»ΓÄ»ΓÄ»ΓÄ»ΓÄ»ΓÄ»ΓÄ»ΓÄ»ΓÄ»Γ
Ä»ΓÄ»ΓÄ»ΓÄ»ΓÄ»ΓÄ»ΓÄ»ΓÄ»[1/2]Γ
Ä»[22m[39m

[41m[1m FAIL [22m[49m src
/tests/integration/feed.integ
ration.test.js[2m > 
[22mFeed Module ΓÇö 
Integration
[31m[1mError[22m: Table 
'eduverse.saved_posts' 
doesn't exist[39m
[90m [2mΓ¥»[22m PromisePoo
lConnection.execute node_modu
les/mysql2/lib/promise/connec
tion.js:[2m47:22[22m[39m
[36m [2mΓ¥»[22m dbCleanup 
src/tests/integration/helpers
/db.helper.js:[2m43:18[22m
[39m
    [90m 41|[39m     
[35mfor[39m 
([35mconst[39m table 
[35mof[39m tables) {
    [90m 42|[39m       // 
Check if table exists before 
trying to delete (optional 
but sΓÇª
    [90m 43|[39m       
[35mawait[39m conn[33m.[3
9m[34mexecute[39m([32m`DEL
ETE FROM \`[39m[36m${[39mt
able[36m}[39m[32m\` WHERE 
1`[39m)[33m;[39m
    [90m   |[39m           
       [31m^[39m
    [90m 44|[39m     }
    [90m 45|[39m     
[35mawait[39m conn[33m.[3
9m[34mexecute[39m([32m'SET
 FOREIGN_KEY_CHECKS = 
1'[39m)[33m;[39m
[90m [2mΓ¥»[22m src/tests/
integration/feed.integration.
test.js:[2m37:5[22m[39m

[31m[2mΓÄ»ΓÄ»ΓÄ»ΓÄ»ΓÄ»ΓÄ»ΓÄ
»ΓÄ»ΓÄ»ΓÄ»ΓÄ»ΓÄ»ΓÄ»ΓÄ»ΓÄ»ΓÄ»Γ
Ä»ΓÄ»ΓÄ»ΓÄ»ΓÄ»ΓÄ»ΓÄ»ΓÄ»[2/2]Γ
Ä»[22m[39m


[2m Test Files [22m [1m[31m1 failed[39m[22m[90m (1)[39m
[2m      Tests [22m [33m6 skipped[39m[90m (6)[39m
[2m   Start at [22m 11:27:53
[2m   Duration [22m 3.67s[2m (transform 1.05s, setup 0ms, import 3.09s, tests 114ms, environment 0ms)[22m

