
 RUN  v4.1.0 D:/EDUVERSE/backend

[0mGET / [32m200[0m 3.251 ms - 57[0m
node.exe : stderr | src/tests
/integration/auth.integration
.test.js > POST 
/api/v1/auth/register > 
should return 422 when 
required fields are missing
At C:\Program 
Files\nodejs\npx.ps1:29 
char:3
+   & $NODE_EXE $NPX_CLI_JS 
$args
+   
~~~~~~~~~~~~~~~~~~~~~~~~~~~~~
    + CategoryInfo           
   : NotSpecified: (stderr   
  | src/te...lds are missi   
 ng:String) [], RemoteExc    
eption
    + FullyQualifiedErrorId  
   : NativeCommandError
 
[ERROR] [0ade2157-e1ff-4d36-8
368-c62010a6ed51] Validation 
failed {
  errorCode: 
[32m'VALIDATION_ERROR'[39m,
  path: [32m'/api/v1/auth/re
gister'[39m,
  method: [32m'POST'[39m,
  stack: [32m'Error: 
Validation failed\n'[39m +
    [32m'    at createError 
(D:/EDUVERSE/backend/src/util
s/ApiError.js:14:15)\n'[39m 
+
    [32m'    at validate (D:
/EDUVERSE/backend/src/middlew
ares/validate.middleware.js:1
7:28)\n'[39m +
    [32m'    at 
Layer.handle [as 
handle_request] (D:\\EDUVERSE
\\backend\\node_modules\\expr
ess\\lib\\router\\layer.js:95
:5)\n'[39m +
    [32m'    at next (D:\\ED
UVERSE\\backend\\node_modules
\\express\\lib\\router\\route
.js:149:13)\n'[39m +
    [32m'    at middleware (
D:\\EDUVERSE\\backend\\node_m
odules\\express-validator\\li
b\\middlewares\\check.js:16:1
3)\n'[39m +
    [32m'    at 
processTicksAndRejections (no
de:internal/process/task_queu
es:105:5)'[39m
}

[0mPOST /api/v1/auth/register [33m422[0m 20.247 ms - 232[0m
 Γ£ô src/tests/integration/auth.integration.test.js > API Health > GET / should return 200 with running status 23ms
 Γ£ô src/tests/integration/auth.integration.test.js > POST /api/v1/auth/register > should return 422 when required fields are missing 26ms
stdout | src/tests/integration/auth.integration.test.js > POST /api/v1/auth/register > should register a new user and return 201 with userId and email

[DEMO] OTP for auth_00c9fc5f@example.com: 513040


stdout | src/tests/integration/auth.integration.test.js > POST /api/v1/auth/register > should register a new user and return 201 with userId and email
Γ£ë∩╕Å  Email sent: <2dfe0641-bf9b-5503-413d-7d5188c69eb4@gmail.com>

[0mPOST /api/v1/auth/register [32m201[0m 4034.113 ms - 417[0m
 Γ£ô src/tests/integration/auth.integration.test.js > POST /api/v1/auth/register > should register a new user and return 201 with userId and email 4042ms
stderr | src/tests/integratio
n/auth.integration.test.js > 
POST /api/v1/auth/register > 
should return 409 when 
attempting to register with 
the same email
[ERROR] [bde515ec-5b30-4131-8
edc-706bea5b410e] Email 
already in use {
  errorCode: [32m'EMAIL_ALRE
ADY_IN_USE'[39m,
  path: [32m'/api/v1/auth/re
gister'[39m,
  method: [32m'POST'[39m,
  stack: [32m'Error: Email 
already in use\n'[39m +
    [32m'    at createError 
(D:/EDUVERSE/backend/src/util
s/ApiError.js:14:15)\n'[39m 
+
    [32m'    at 
Module.registerUser (D:/EDUVE
RSE/backend/src/modules/auth/
auth.service.js:26:22)\n'[39
m +
    [32m'    at 
processTicksAndRejections (no
de:internal/process/task_queu
es:105:5)\n'[39m +
    [32m'    at D:/EDUVERSE/
backend/src/modules/auth/auth
.controller.js:12:18'[39m
}

[0mPOST /api/v1/auth/register [33m409[0m 9.128 ms - 239[0m
stderr | src/tests/integratio
n/auth.integration.test.js > 
POST /api/v1/auth/login ΓÇö 
unverified account > should 
return 403 when trying to 
login before email is 
verified
[ERROR] [8037b275-1ede-4f74-9
992-fc753d51ddee] Email not 
verified. Please check your 
inbox for the OTP. {
  errorCode: [32m'EMAIL_NOT_
VERIFIED'[39m,
  path: [32m'/api/v1/auth/lo
gin'[39m,
  method: [32m'POST'[39m,
  stack: [32m'Error: Email 
not verified. Please check 
your inbox for the 
OTP.\n'[39m +
    [32m'    at createError 
(D:/EDUVERSE/backend/src/util
s/ApiError.js:14:15)\n'[39m 
+
    [32m'    at 
Module.loginUser (D:/EDUVERSE
/backend/src/modules/auth/aut
h.service.js:124:22)\n'[39m 
+
    [32m'    at 
processTicksAndRejections (no
de:internal/process/task_queu
es:105:5)\n'[39m +
    [32m'    at D:/EDUVERSE/
backend/src/modules/auth/auth
.controller.js:46:18'[39m
}

[0mPOST /api/v1/auth/login [33m403[0m 4.387 ms - 270[0m
stderr | src/tests/integratio
n/auth.integration.test.js > 
POST /api/v1/auth/verify-otp 
> should return 400 for an 
invalid/wrong OTP
[ERROR] [9dc2d181-a380-4b81-8
3ae-30de5a24a78c] Invalid 
OTP code {
  errorCode: 
[32m'INVALID_OTP'[39m,
  path: [32m'/api/v1/auth/ve
rify-otp'[39m,
  method: [32m'POST'[39m,
  stack: [32m'Error: 
Invalid OTP code\n'[39m +
    [32m'    at createError 
(D:/EDUVERSE/backend/src/util
s/ApiError.js:14:15)\n'[39m 
+
    [32m'    at 
Module.verifyOtpOnSignup (D:/
EDUVERSE/backend/src/modules/
auth/auth.service.js:98:34)\n
'[39m +
    [32m'    at D:/EDUVERSE/
backend/src/modules/auth/auth
.controller.js:23:18'[39m
}

[0mPOST /api/v1/auth/verify-otp [33m400[0m 92.045 ms - 228[0m
 Γ£ô src/tests/integration/auth.integration.test.js > POST /api/v1/auth/register > should return 409 when attempting to register with the same email 20ms
 Γ£ô src/tests/integration/auth.integration.test.js > POST /api/v1/auth/login ΓÇö unverified account > should return 403 when trying to login before email is verified 14ms
stderr | src/tests/integratio
n/auth.integration.test.js > 
POST /api/v1/auth/login ΓÇö 
verified account > should 
return 404 for unknown email
[ERROR] [e5690bd0-28eb-4fe0-8
220-99e770b280d3] No account 
found with this email {
  errorCode: 
[32m'USER_NOT_FOUND'[39m,
  path: [32m'/api/v1/auth/lo
gin'[39m,
  method: [32m'POST'[39m,
  stack: [32m'Error: No 
account found with this 
email\n'[39m +
    [32m'    at createError 
(D:/EDUVERSE/backend/src/util
s/ApiError.js:14:15)\n'[39m 
+
    [32m'    at 
Module.loginUser (D:/EDUVERSE
/backend/src/modules/auth/aut
h.service.js:121:31)\n'[39m 
+
    [32m'    at 
processTicksAndRejections (no
de:internal/process/task_queu
es:105:5)\n'[39m +
    [32m'    at D:/EDUVERSE/
backend/src/modules/auth/auth
.controller.js:46:18'[39m
}

[0mPOST /api/v1/auth/login [33m404[0m 3.541 ms - 242[0m
stderr | src/tests/integratio
n/auth.integration.test.js > 
POST /api/v1/auth/login ΓÇö 
verified account > should 
return 401 for wrong password
[ERROR] [bce0bd6b-6d89-491a-8
234-ae8008b5d453] Email not 
verified. Please check your 
inbox for the OTP. {
  errorCode: [32m'EMAIL_NOT_
VERIFIED'[39m,
  path: [32m'/api/v1/auth/lo
gin'[39m,
  method: [32m'POST'[39m,
  stack: [32m'Error: Email 
not verified. Please check 
your inbox for the 
OTP.\n'[39m +
    [32m'    at createError 
(D:/EDUVERSE/backend/src/util
s/ApiError.js:14:15)\n'[39m 
+
    [32m'    at 
Module.loginUser (D:/EDUVERSE
/backend/src/modules/auth/aut
h.service.js:124:22)\n'[39m 
+
    [32m'    at 
processTicksAndRejections (no
de:internal/process/task_queu
es:105:5)\n'[39m +
    [32m'    at D:/EDUVERSE/
backend/src/modules/auth/auth
.controller.js:46:18'[39m
}

[0mPOST /api/v1/auth/login [33m403[0m 3.603 ms - 270[0m
stderr | src/tests/integratio
n/auth.integration.test.js > 
POST /api/v1/auth/login ΓÇö 
verified account > should 
return 422 when email or 
password is missing
[ERROR] [ee5d0f03-539c-4197-8
0ef-596aa0863680] Validation 
failed {
  errorCode: 
[32m'VALIDATION_ERROR'[39m,
  path: [32m'/api/v1/auth/lo
gin'[39m,
  method: [32m'POST'[39m,
  stack: [32m'Error: 
Validation failed\n'[39m +
    [32m'    at createError 
(D:/EDUVERSE/backend/src/util
s/ApiError.js:14:15)\n'[39m 
+
    [32m'    at validate (D:
/EDUVERSE/backend/src/middlew
ares/validate.middleware.js:1
7:28)\n'[39m +
    [32m'    at 
Layer.handle [as 
handle_request] (D:\\EDUVERSE
\\backend\\node_modules\\expr
ess\\lib\\router\\layer.js:95
:5)\n'[39m +
    [32m'    at next (D:\\ED
UVERSE\\backend\\node_modules
\\express\\lib\\router\\route
.js:149:13)\n'[39m +
    [32m'    at middleware (
D:\\EDUVERSE\\backend\\node_m
odules\\express-validator\\li
b\\middlewares\\check.js:16:1
3)\n'[39m +
    [32m'    at 
processTicksAndRejections (no
de:internal/process/task_queu
es:105:5)'[39m
}

[0mPOST /api/v1/auth/login [33m422[0m 1.958 ms - 229[0m
stderr | src/tests/integratio
n/auth.integration.test.js > 
POST /api/v1/auth/login ΓÇö 
verified account > should 
login successfully and 
return user object with 
correct fields
[ERROR] [349b7004-9c6d-480c-a
6c1-13f2fc81b77d] Email not 
verified. Please check your 
inbox for the OTP. {
  errorCode: [32m'EMAIL_NOT_
VERIFIED'[39m,
  path: [32m'/api/v1/auth/lo
gin'[39m,
  method: [32m'POST'[39m,
  stack: [32m'Error: Email 
not verified. Please check 
your inbox for the 
OTP.\n'[39m +
    [32m'    at createError 
(D:/EDUVERSE/backend/src/util
s/ApiError.js:14:15)\n'[39m 
+
    [32m'    at 
Module.loginUser (D:/EDUVERSE
/backend/src/modules/auth/aut
h.service.js:124:22)\n'[39m 
+
    [32m'    at 
processTicksAndRejections (no
de:internal/process/task_queu
es:105:5)\n'[39m +
    [32m'    at D:/EDUVERSE/
backend/src/modules/auth/auth
.controller.js:46:18'[39m
}

[0mPOST /api/v1/auth/login [33m403[0m 3.947 ms - 270[0m
[0mGET /api/v1/auth/me [33m401[0m 2.659 ms - 237[0m
stderr | src/tests/integratio
n/auth.integration.test.js > 
GET /api/v1/auth/me ΓÇö auth 
middleware > should return 
401 when no token is provided
[ERROR] [caac7da0-8f0f-408f-8
6ad-b59c3db11144] Not 
authorized, no token 
provided {
  errorCode: 
[32m'UNAUTHORIZED'[39m,
  path: 
[32m'/api/v1/auth/me'[39m,
  method: [32m'GET'[39m,
  stack: [32m'Error: Not 
authorized, no token 
provided\n'[39m +
    [32m'    at createError 
(D:/EDUVERSE/backend/src/util
s/ApiError.js:14:15)\n'[39m 
+
    [32m'    at D:/EDUVERSE/
backend/src/middlewares/auth.
middleware.js:14:22\n'[39m +
    [32m'    at D:/EDUVERSE/
backend/src/utils/asyncHandle
r.js:14:19\n'[39m +
    [32m'    at 
Layer.handle [as 
handle_request] (D:\\EDUVERSE
\\backend\\node_modules\\expr
ess\\lib\\router\\layer.js:95
:5)\n'[39m +
    [32m'    at next (D:\\ED
UVERSE\\backend\\node_modules
\\express\\lib\\router\\route
.js:149:13)\n'[39m +
    [32m'    at 
Route.dispatch (D:\\EDUVERSE\
\backend\\node_modules\\expre
ss\\lib\\router\\route.js:119
:3)\n'[39m +
    [32m'    at 
Layer.handle [as 
handle_request] (D:\\EDUVERSE
\\backend\\node_modules\\expr
ess\\lib\\router\\layer.js:95
:5)\n'[39m +
    [32m'    at D:\\EDUVERSE
\\backend\\node_modules\\expr
ess\\lib\\router\\index.js:28
4:15\n'[39m +
    [32m'    at 
Function.process_params (D:\\
EDUVERSE\\backend\\node_modul
es\\express\\lib\\router\\ind
ex.js:346:12)\n'[39m +
    [32m'    at next (D:\\ED
UVERSE\\backend\\node_modules
\\express\\lib\\router\\index
.js:280:10)'[39m
}

[0mGET /api/v1/auth/me [33m401[0m 1.985 ms - 243[0m
stderr | src/tests/integratio
n/auth.integration.test.js > 
GET /api/v1/auth/me ΓÇö auth 
middleware > should return 
401 for an invalid/tampered 
token
[ERROR] [7b76aca3-d55a-4e7b-9
41e-1bf4c8e3739d] Not 
authorized, token failed or 
expired {
  errorCode: 
[32m'UNAUTHORIZED'[39m,
  path: 
[32m'/api/v1/auth/me'[39m,
  method: [32m'GET'[39m,
  stack: [32m'Error: Not 
authorized, token failed or 
expired\n'[39m +
    [32m'    at createError 
(D:/EDUVERSE/backend/src/util
s/ApiError.js:14:15)\n'[39m 
+
    [32m'    at D:/EDUVERSE/
backend/src/middlewares/auth.
middleware.js:29:22\n'[39m +
    [32m'    at D:/EDUVERSE/
backend/src/utils/asyncHandle
r.js:14:19\n'[39m +
    [32m'    at 
Layer.handle [as 
handle_request] (D:\\EDUVERSE
\\backend\\node_modules\\expr
ess\\lib\\router\\layer.js:95
:5)\n'[39m +
    [32m'    at next (D:\\ED
UVERSE\\backend\\node_modules
\\express\\lib\\router\\route
.js:149:13)\n'[39m +
    [32m'    at 
Route.dispatch (D:\\EDUVERSE\
\backend\\node_modules\\expre
ss\\lib\\router\\route.js:119
:3)\n'[39m +
    [32m'    at 
Layer.handle [as 
handle_request] (D:\\EDUVERSE
\\backend\\node_modules\\expr
ess\\lib\\router\\layer.js:95
:5)\n'[39m +
    [32m'    at D:\\EDUVERSE
\\backend\\node_modules\\expr
ess\\lib\\router\\index.js:28
4:15\n'[39m +
    [32m'    at 
Function.process_params (D:\\
EDUVERSE\\backend\\node_modul
es\\express\\lib\\router\\ind
ex.js:346:12)\n'[39m +
    [32m'    at next (D:\\ED
UVERSE\\backend\\node_modules
\\express\\lib\\router\\index
.js:280:10)'[39m
}

[0mGET /api/v1/auth/me [33m401[0m 1.125 ms - 243[0m
stderr | src/tests/integratio
n/auth.integration.test.js > 
GET /api/v1/auth/me ΓÇö auth 
middleware > should return 
200 with current user data 
for a valid token
[ERROR] [e07efa67-220f-45e6-8
c41-415639960f0c] Not 
authorized, token failed or 
expired {
  errorCode: 
[32m'UNAUTHORIZED'[39m,
  path: 
[32m'/api/v1/auth/me'[39m,
  method: [32m'GET'[39m,
  stack: [32m'Error: Not 
authorized, token failed or 
expired\n'[39m +
    [32m'    at createError 
(D:/EDUVERSE/backend/src/util
s/ApiError.js:14:15)\n'[39m 
+
    [32m'    at D:/EDUVERSE/
backend/src/middlewares/auth.
middleware.js:29:22\n'[39m +
    [32m'    at D:/EDUVERSE/
backend/src/utils/asyncHandle
r.js:14:19\n'[39m +
    [32m'    at 
Layer.handle [as 
handle_request] (D:\\EDUVERSE
\\backend\\node_modules\\expr
ess\\lib\\router\\layer.js:95
:5)\n'[39m +
    [32m'    at next (D:\\ED
UVERSE\\backend\\node_modules
\\express\\lib\\router\\route
.js:149:13)\n'[39m +
    [32m'    at 
Route.dispatch (D:\\EDUVERSE\
\backend\\node_modules\\expre
ss\\lib\\router\\route.js:119
:3)\n'[39m +
    [32m'    at 
Layer.handle [as 
handle_request] (D:\\EDUVERSE
\\backend\\node_modules\\expr
ess\\lib\\router\\layer.js:95
:5)\n'[39m +
    [32m'    at D:\\EDUVERSE
\\backend\\node_modules\\expr
ess\\lib\\router\\index.js:28
4:15\n'[39m +
    [32m'    at 
Function.process_params (D:\\
EDUVERSE\\backend\\node_modul
es\\express\\lib\\router\\ind
ex.js:346:12)\n'[39m +
    [32m'    at next (D:\\ED
UVERSE\\backend\\node_modules
\\express\\lib\\router\\index
.js:280:10)'[39m
}

stderr | src/tests/integratio
n/auth.integration.test.js > 
POST /api/v1/auth/refresh > 
should return 401 when no 
refresh token is provided
[ERROR] [891e7522-670b-47b8-b
8f0-80239bef2a50] No refresh 
token provided {
  errorCode: 
[32m'UNAUTHORIZED'[39m,
  path: [32m'/api/v1/auth/re
fresh'[39m,
  method: [32m'POST'[39m,
  stack: [32m'Error: No 
refresh token 
provided\n'[39m +
    [32m'    at createError 
(D:/EDUVERSE/backend/src/util
s/ApiError.js:14:15)\n'[39m 
+
    [32m'    at 
Module.refreshAuthToken (D:/E
DUVERSE/backend/src/modules/a
uth/auth.service.js:243:32)\n
'[39m +
    [32m'    at D:/EDUVERSE/
backend/src/modules/auth/auth
.controller.js:207:36\n'[39m
 +
    [32m'    at D:/EDUVERSE/
backend/src/utils/asyncHandle
r.js:14:19\n'[39m +
    [32m'    at 
Layer.handle [as 
handle_request] (D:\\EDUVERSE
\\backend\\node_modules\\expr
ess\\lib\\router\\layer.js:95
:5)\n'[39m +
    [32m'    at next (D:\\ED
UVERSE\\backend\\node_modules
\\express\\lib\\router\\route
.js:149:13)\n'[39m +
    [32m'    at 
Route.dispatch (D:\\EDUVERSE\
\backend\\node_modules\\expre
ss\\lib\\router\\route.js:119
:3)\n'[39m +
    [32m'    at 
Layer.handle [as 
handle_request] (D:\\EDUVERSE
\\backend\\node_modules\\expr
ess\\lib\\router\\layer.js:95
:5)\n'[39m +
    [32m'    at D:\\EDUVERSE
\\backend\\node_modules\\expr
ess\\lib\\router\\index.js:28
4:15\n'[39m +
    [32m'    at 
Function.process_params (D:\\
EDUVERSE\\backend\\node_modul
es\\express\\lib\\router\\ind
ex.js:346:12)'[39m
}

[0mPOST /api/v1/auth/refresh [33m401[0m 1.190 ms - 235[0m
stderr | src/tests/integratio
n/auth.integration.test.js > 
POST /api/v1/auth/refresh > 
should return 401 for an 
invalid refresh token
[ERROR] [7b8cc050-6a11-417b-b
b26-b73e525b581f] No refresh 
token provided {
  errorCode: 
[32m'UNAUTHORIZED'[39m,
  path: [32m'/api/v1/auth/re
fresh'[39m,
  method: [32m'POST'[39m,
  stack: [32m'Error: No 
refresh token 
provided\n'[39m +
    [32m'    at createError 
(D:/EDUVERSE/backend/src/util
s/ApiError.js:14:15)\n'[39m 
+
    [32m'    at 
Module.refreshAuthToken (D:/E
DUVERSE/backend/src/modules/a
uth/auth.service.js:243:32)\n
'[39m +
    [32m'    at D:/EDUVERSE/
backend/src/modules/auth/auth
.controller.js:207:36\n'[39m
 +
    [32m'    at D:/EDUVERSE/
backend/src/utils/asyncHandle
r.js:14:19\n'[39m +
    [32m'    at 
Layer.handle [as 
handle_request] (D:\\EDUVERSE
\\backend\\node_modules\\expr
ess\\lib\\router\\layer.js:95
:5)\n'[39m +
    [32m'    at next (D:\\ED
UVERSE\\backend\\node_modules
\\express\\lib\\router\\route
.js:149:13)\n'[39m +
    [32m'    at 
Route.dispatch (D:\\EDUVERSE\
\backend\\node_modules\\expre
ss\\lib\\router\\route.js:119
:3)\n'[39m +
    [32m'    at 
Layer.handle [as 
handle_request] (D:\\EDUVERSE
\\backend\\node_modules\\expr
ess\\lib\\router\\layer.js:95
:5)\n'[39m +
    [32m'    at D:\\EDUVERSE
\\backend\\node_modules\\expr
ess\\lib\\router\\index.js:28
4:15\n'[39m +
    [32m'    at 
Function.process_params (D:\\
EDUVERSE\\backend\\node_modul
es\\express\\lib\\router\\ind
ex.js:346:12)'[39m
}

[0mPOST /api/v1/auth/refresh [33m401[0m 0.998 ms - 235[0m
stderr | src/tests/integratio
n/auth.integration.test.js > 
POST /api/v1/auth/refresh > 
should issue a new access 
token with a valid refresh 
token
[ERROR] [b0df05d2-7372-4fdf-9
2d6-55e45c981779] Invalid or 
expired refresh token {
  errorCode: 
[32m'UNAUTHORIZED'[39m,
  path: [32m'/api/v1/auth/re
fresh'[39m,
  method: [32m'POST'[39m,
  stack: [32m'Error: 
Invalid or expired refresh 
token\n'[39m +
    [32m'    at createError 
(D:/EDUVERSE/backend/src/util
s/ApiError.js:14:15)\n'[39m 
+
    [32m'    at 
Module.refreshAuthToken (D:/E
DUVERSE/backend/src/modules/a
uth/auth.service.js:261:22)\n
'[39m +
    [32m'    at 
processTicksAndRejections (no
de:internal/process/task_queu
es:105:5)\n'[39m +
    [32m'    at D:/EDUVERSE/
backend/src/modules/auth/auth
.controller.js:207:18'[39m
}

[0mPOST /api/v1/auth/refresh [33m401[0m 1.104 ms - 242[0m
[0mPOST /api/v1/auth/logout [32m200[0m 0.782 ms - 205[0m
[0mPOST /api/v1/auth/forgot-password [32m200[0m 1.581 ms - 234[0m
 Γ£ô src/tests/integration/auth.integration.test.js > POST /api/v1/auth/verify-otp > should return 400 for an invalid/wrong OTP 100ms
 ├ù src/tests/integration/auth.integration.test.js > POST /api/v1/auth/verify-otp > should verify OTP from DB and return tokens 7ms
   ΓåÆ Table 'eduverse.auth_otps' doesn't exist
 Γ£ô src/tests/integration/auth.integration.test.js > POST /api/v1/auth/login ΓÇö verified account > should return 404 for unknown email 10ms
 ├ù src/tests/integration/auth.integration.test.js > POST /api/v1/auth/login ΓÇö verified account > should return 401 for wrong password 18ms
   ΓåÆ expected 403 to be 401 // Object.is equality
 Γ£ô src/tests/integration/auth.integration.test.js > POST /api/v1/auth/login ΓÇö verified account > should return 422 when email or password is missing 9ms
 ├ù src/tests/integration/auth.integration.test.js > POST /api/v1/auth/login ΓÇö verified account > should login successfully and return user object with correct fields 11ms
   ΓåÆ expected 403 to be 200 // Object.is equality
 Γ£ô src/tests/integration/auth.integration.test.js > GET /api/v1/auth/me ΓÇö auth middleware > should return 401 when no token is provided 7ms
 Γ£ô src/tests/integration/auth.integration.test.js > GET /api/v1/auth/me ΓÇö auth middleware > should return 401 for an invalid/tampered token 6ms
 ├ù src/tests/integration/auth.integration.test.js > GET /api/v1/auth/me ΓÇö auth middleware > should return 200 with current user data for a valid token 5ms
   ΓåÆ expected 401 to be 200 // Object.is equality
 Γ£ô src/tests/integration/auth.integration.test.js > POST /api/v1/auth/refresh > should return 401 when no refresh token is provided 5ms
 Γ£ô src/tests/integration/auth.integration.test.js > POST /api/v1/auth/refresh > should return 401 for an invalid refresh token 5ms
 ├ù src/tests/integration/auth.integration.test.js > POST /api/v1/auth/refresh > should issue a new access token with a valid refresh token 5ms
   ΓåÆ expected 401 to be 200 // Object.is equality
 Γ£ô src/tests/integration/auth.integration.test.js > POST /api/v1/auth/logout > should return 200 and clear auth state 4ms
 ├ù src/tests/integration/auth.integration.test.js > POST /api/v1/auth/forgot-password > should return safe anti-enumeration message even for unknown email 5ms
   ΓåÆ Cannot read properties of undefined (reading 'message')
stdout | src/tests/integration/auth.integration.test.js > POST /api/v1/auth/forgot-password > should return 200 with safe message for valid registered email
Γ£ë∩╕Å  Password reset email sent: <cd7c29ab-d3fb-525e-035a-9d2acc0a8f75@gmail.com>

[0mPOST /api/v1/auth/forgot-password [32m200[0m 3919.866 ms - 234[0m
[0mGET /api/v1/this-does-not-exist [33m404[0m 1.917 ms - 261[0m
 ├ù src/tests/integration/auth.integration.test.js > POST /api/v1/auth/forgot-password > should return 200 with safe message for valid registered email 3927ms
   ΓåÆ Cannot read properties of undefined (reading 'message')
 Γ£ô src/tests/integration/auth.integration.test.js > Unknown Routes > should return 404 for an unregistered route 14ms

ΓÄ»ΓÄ»ΓÄ»ΓÄ»ΓÄ»ΓÄ» Failed 
Suites 1 
ΓÄ»ΓÄ»ΓÄ»ΓÄ»ΓÄ»ΓÄ»ΓÄ»

 FAIL  src/tests/integration/
auth.integration.test.js [ sr
c/tests/integration/auth.inte
gration.test.js ]
Error: Table 
'eduverse.auth_otps' doesn't 
exist
 Γ¥» PromisePoolConnection.ex
ecute node_modules/mysql2/lib
/promise/connection.js:47:22
 Γ¥» dbCleanup src/tests/inte
gration/helpers/db.helper.js:
26:18
     24|     await 
conn.execute('SET 
FOREIGN_KEY_CHECKS = 0');
     25|     for (const 
table of tables) {
     26|       await 
conn.execute(`DELETE FROM 
\`${table}\` WHERE 1`);
       |                  ^
     27|     }
     28|     await 
conn.execute('SET 
FOREIGN_KEY_CHECKS = 1');
 Γ¥» src/tests/integration/au
th.integration.test.js:31:3

ΓÄ»ΓÄ»ΓÄ»ΓÄ»ΓÄ»ΓÄ»ΓÄ»ΓÄ»ΓÄ»ΓÄ
»ΓÄ»ΓÄ»ΓÄ»ΓÄ»ΓÄ»ΓÄ»ΓÄ»ΓÄ»ΓÄ»Γ
Ä»ΓÄ»ΓÄ»ΓÄ»ΓÄ»ΓÄ»ΓÄ»ΓÄ»ΓÄ»ΓÄ»
ΓÄ»
Serialized Error: { code: 
'ER_NO_SUCH_TABLE', errno: 
1146, sql: 'DELETE FROM 
`auth_otps` WHERE 1', 
sqlState: '42S02', 
sqlMessage: 'Table 
\'eduverse.auth_otps\' 
doesn\'t exist' }
ΓÄ»ΓÄ»ΓÄ»ΓÄ»ΓÄ»ΓÄ»ΓÄ»ΓÄ»ΓÄ»ΓÄ
»ΓÄ»ΓÄ»ΓÄ»ΓÄ»ΓÄ»ΓÄ»ΓÄ»ΓÄ»ΓÄ»Γ
Ä»ΓÄ»ΓÄ»ΓÄ»ΓÄ»[1/8]ΓÄ»


ΓÄ»ΓÄ»ΓÄ»ΓÄ»ΓÄ»ΓÄ»ΓÄ» Failed 
Tests 7 ΓÄ»ΓÄ»ΓÄ»ΓÄ»ΓÄ»ΓÄ»ΓÄ»

 FAIL  src/tests/integration/
auth.integration.test.js > 
POST /api/v1/auth/verify-otp 
> should verify OTP from DB 
and return tokens
Error: Table 
'eduverse.auth_otps' doesn't 
exist
 Γ¥» PromisePool.execute node
_modules/mysql2/lib/promise/p
ool.js:54:22
 Γ¥» src/tests/integration/au
th.integration.test.js:115:31
    113|     // Read the 
real OTP hash from DB, hash 
the otp "123456" and compaΓÇª
    114|     // Instead: 
fetch the raw OTP from the 
DB directly for testing
    115|     const [rows] = 
await pool.execute(
       |                     
          ^
    116|       `SELECT o.id 
FROM auth_otps o
    117|        JOIN users u 
ON u.id = o.user_id

ΓÄ»ΓÄ»ΓÄ»ΓÄ»ΓÄ»ΓÄ»ΓÄ»ΓÄ»ΓÄ»ΓÄ
»ΓÄ»ΓÄ»ΓÄ»ΓÄ»ΓÄ»ΓÄ»ΓÄ»ΓÄ»ΓÄ»Γ
Ä»ΓÄ»ΓÄ»ΓÄ»ΓÄ»ΓÄ»ΓÄ»ΓÄ»ΓÄ»ΓÄ»
ΓÄ»
Serialized Error: { code: 
'ER_NO_SUCH_TABLE', errno: 
1146, sql: 'SELECT o.id FROM 
auth_otps o\n       JOIN 
users u ON u.id = 
o.user_id\n       WHERE 
u.email = ? AND o.used = 0\n 
      ORDER BY o.created_at 
DESC LIMIT 1', sqlState: 
'42S02', sqlMessage: 'Table 
\'eduverse.auth_otps\' 
doesn\'t exist' }
ΓÄ»ΓÄ»ΓÄ»ΓÄ»ΓÄ»ΓÄ»ΓÄ»ΓÄ»ΓÄ»ΓÄ
»ΓÄ»ΓÄ»ΓÄ»ΓÄ»ΓÄ»ΓÄ»ΓÄ»ΓÄ»ΓÄ»Γ
Ä»ΓÄ»ΓÄ»ΓÄ»ΓÄ»[2/8]ΓÄ»

 FAIL  src/tests/integration/
auth.integration.test.js > 
POST /api/v1/auth/login ΓÇö 
verified account > should 
return 401 for wrong password
AssertionError: expected 403 
to be 401 // Object.is 
equality

[32m- Expected[39m
[31m+ Received[39m

[32m- 401[39m
[31m+ 403[39m

 Γ¥» src/tests/integration/au
th.integration.test.js:167:24
    165|       
.post('/api/v1/auth/login')
    166|       .send({ 
email: TEST_EMAIL, password: 
'WrongPass@999' });
    167|     
expect(res.status).toBe(401);
       |                     
   ^
    168|     expect(res.body.
errorCode).toBe('INVALID_CRED
ENTIALS');
    169|   });

ΓÄ»ΓÄ»ΓÄ»ΓÄ»ΓÄ»ΓÄ»ΓÄ»ΓÄ»ΓÄ»ΓÄ
»ΓÄ»ΓÄ»ΓÄ»ΓÄ»ΓÄ»ΓÄ»ΓÄ»ΓÄ»ΓÄ»Γ
Ä»ΓÄ»ΓÄ»ΓÄ»ΓÄ»[3/8]ΓÄ»

 FAIL  src/tests/integration/
auth.integration.test.js > 
POST /api/v1/auth/login ΓÇö 
verified account > should 
login successfully and 
return user object with 
correct fields
AssertionError: expected 403 
to be 200 // Object.is 
equality

[32m- Expected[39m
[31m+ Received[39m

[32m- 200[39m
[31m+ 403[39m

 Γ¥» src/tests/integration/au
th.integration.test.js:183:24
    181|       .send({ 
email: TEST_EMAIL, password: 
TEST_PASSWORD });
    182|
    183|     
expect(res.status).toBe(200);
       |                     
   ^
    184|     expect(res.body.
data.user).toMatchObject({
    185|       email: 
TEST_EMAIL,

ΓÄ»ΓÄ»ΓÄ»ΓÄ»ΓÄ»ΓÄ»ΓÄ»ΓÄ»ΓÄ»ΓÄ
»ΓÄ»ΓÄ»ΓÄ»ΓÄ»ΓÄ»ΓÄ»ΓÄ»ΓÄ»ΓÄ»Γ
Ä»ΓÄ»ΓÄ»ΓÄ»ΓÄ»[4/8]ΓÄ»

 FAIL  src/tests/integration/
auth.integration.test.js > 
GET /api/v1/auth/me ΓÇö auth 
middleware > should return 
200 with current user data 
for a valid token
AssertionError: expected 401 
to be 200 // Object.is 
equality

[32m- Expected[39m
[31m+ Received[39m

[32m- 200[39m
[31m+ 401[39m

 Γ¥» src/tests/integration/au
th.integration.test.js:215:24
    213|       
.set('Authorization', 
`Bearer ${accessToken}`);
    214|
    215|     
expect(res.status).toBe(200);
       |                     
   ^
    216|     expect(res.body.
data).toHaveProperty('email',
 TEST_EMAIL);
    217|   });

ΓÄ»ΓÄ»ΓÄ»ΓÄ»ΓÄ»ΓÄ»ΓÄ»ΓÄ»ΓÄ»ΓÄ
»ΓÄ»ΓÄ»ΓÄ»ΓÄ»ΓÄ»ΓÄ»ΓÄ»ΓÄ»ΓÄ»Γ
Ä»ΓÄ»ΓÄ»ΓÄ»ΓÄ»[5/8]ΓÄ»

 FAIL  src/tests/integration/
auth.integration.test.js > 
POST /api/v1/auth/refresh > 
should issue a new access 
token with a valid refresh 
token
AssertionError: expected 401 
to be 200 // Object.is 
equality

[32m- Expected[39m
[31m+ Received[39m

[32m- 200[39m
[31m+ 401[39m

 Γ¥» src/tests/integration/au
th.integration.test.js:241:24
    239|       
.set('Cookie', [`refreshToken
=${refreshToken}`]);
    240|
    241|     
expect(res.status).toBe(200);
       |                     
   ^
    242|     expect(res.body.
data).toHaveProperty('accessT
oken');
    243|   });

ΓÄ»ΓÄ»ΓÄ»ΓÄ»ΓÄ»ΓÄ»ΓÄ»ΓÄ»ΓÄ»ΓÄ
»ΓÄ»ΓÄ»ΓÄ»ΓÄ»ΓÄ»ΓÄ»ΓÄ»ΓÄ»ΓÄ»Γ
Ä»ΓÄ»ΓÄ»ΓÄ»ΓÄ»[6/8]ΓÄ»

 FAIL  src/tests/integration/
auth.integration.test.js > 
POST 
/api/v1/auth/forgot-password 
> should return safe 
anti-enumeration message 
even for unknown email
TypeError: Cannot read 
properties of undefined 
(reading 'message')
 Γ¥» src/tests/integration/au
th.integration.test.js:264:26
    262|     // Must NOT 
reveal whether user exists 
ΓÇö always 200
    263|     
expect(res.status).toBe(200);
    264|     expect(res.body.
data.message).toMatch(/if an 
account exists/i);
       |                     
     ^
    265|   });
    266|

ΓÄ»ΓÄ»ΓÄ»ΓÄ»ΓÄ»ΓÄ»ΓÄ»ΓÄ»ΓÄ»ΓÄ
»ΓÄ»ΓÄ»ΓÄ»ΓÄ»ΓÄ»ΓÄ»ΓÄ»ΓÄ»ΓÄ»Γ
Ä»ΓÄ»ΓÄ»ΓÄ»ΓÄ»[7/8]ΓÄ»

 FAIL  src/tests/integration/
auth.integration.test.js > 
POST 
/api/v1/auth/forgot-password 
> should return 200 with 
safe message for valid 
registered email
TypeError: Cannot read 
properties of undefined 
(reading 'message')
 Γ¥» src/tests/integration/au
th.integration.test.js:272:26
    270|       .send({ 
email: TEST_EMAIL });
    271|     
expect(res.status).toBe(200);
    272|     expect(res.body.
data.message).toMatch(/if an 
account exists/i);
       |                     
     ^
    273|   });
    274| });

ΓÄ»ΓÄ»ΓÄ»ΓÄ»ΓÄ»ΓÄ»ΓÄ»ΓÄ»ΓÄ»ΓÄ
»ΓÄ»ΓÄ»ΓÄ»ΓÄ»ΓÄ»ΓÄ»ΓÄ»ΓÄ»ΓÄ»Γ
Ä»ΓÄ»ΓÄ»ΓÄ»ΓÄ»[8/8]ΓÄ»


 Test Files  1 failed (1)
      Tests  7 failed | 14 passed (21)
   Start at  09:59:47
   Duration  10.32s (transform 620ms, setup 0ms, import 1.82s, tests 8.28s, environment 0ms)

