node.exe : [1m[43m 
DEPRECATED [49m[22m 
[33m`test.poolOptions` was 
removed in Vitest 4. All 
previous `poolOptions` are 
now top-level options. 
Please, refer to the 
migration guide: https://vite
st.dev/guide/migration#pool-r
ework[39m
At C:\Program 
Files\nodejs\npx.ps1:29 
char:3
+   & $NODE_EXE $NPX_CLI_JS 
$args
+   
~~~~~~~~~~~~~~~~~~~~~~~~~~~~~
    + CategoryInfo           
   : NotSpecified: ([1m[4  
  3m DEPRE...ool-rework[3   
 9m:String) [], RemoteExc    
eption
    + FullyQualifiedErrorId  
   : NativeCommandError
 

[1m[46m RUN [49m[22m [36mv4.1.0 [39m[90mD:/EDUVERSE/backend[39m

[90mstderr[2m | src/tests/i
ntegration/mastery.integratio
n.test.js
[22m[39m[vitest] The 
vi.fn() mock did not use 
'function' or 'class' in its 
implementation, see https://v
itest.dev/api/vi#vi-spyon 
for examples.

 [31mΓ¥»[39m src/tests/integration/mastery.integration.test.js [2m([22m[2m0 test[22m[2m)[22m

[31mΓÄ»ΓÄ»ΓÄ»ΓÄ»ΓÄ»ΓÄ»[39m
[1m[41m Failed Suites 1 [49
m[22m[31mΓÄ»ΓÄ»ΓÄ»ΓÄ»ΓÄ»ΓÄ»
ΓÄ»[39m

[41m[1m FAIL [22m[49m src
/tests/integration/mastery.in
tegration.test.js[2m [ src/t
ests/integration/mastery.inte
gration.test.js ][22m
[31m[1mTypeError[22m: () 
=> ({
      _handleFile: (req, 
file, cb) => {
        cb(null, { path: 'htt
ps://mock-cloudinary.com/test
.mp4...<omitted>...}) is not 
a constructor[39m
[36m [2mΓ¥»[22m 
createStorage src/middlewares
/upload.middleware.js:[2m8:1
0[22m[39m
    [90m  6|[39m [90m// 
ΓöÇΓöÇΓöÇ Shared Storage 
Configuration ΓöÇΓöÇΓöÇΓöÇΓöÇ
ΓöÇΓöÇΓöÇΓöÇΓöÇΓöÇΓöÇΓöÇΓöÇΓö
ÇΓöÇΓöÇΓöÇΓöÇΓöÇΓöÇ[39m
    [90m  7|[39m const 
createStorage = (folderName, 
allowedFormats, resourceType 
= "imaΓÇª
    [90m  8|[39m   
[35mreturn[39m 
[35mnew[39m 
[33mCloudinaryStorage[39m({
    [90m   |[39m          
[31m^[39m
    [90m  9|[39m     
cloudinary[33m,[39m
    [90m 10|[39m     
params[33m:[39m {
[90m [2mΓ¥»[22m src/middle
wares/upload.middleware.js:[
2m38:12[22m[39m
[90m [2mΓ¥»[22m src/module
s/profile/profile.routes.js:
[2m4:1[22m[39m

[31m[2mΓÄ»ΓÄ»ΓÄ»ΓÄ»ΓÄ»ΓÄ»ΓÄ
»ΓÄ»ΓÄ»ΓÄ»ΓÄ»ΓÄ»ΓÄ»ΓÄ»ΓÄ»ΓÄ»Γ
Ä»ΓÄ»ΓÄ»ΓÄ»ΓÄ»ΓÄ»ΓÄ»ΓÄ»[1/1]Γ
Ä»[22m[39m


[2m Test Files [22m [1m[31m1 failed[39m[22m[90m (1)[39m
[2m      Tests [22m [2mno tests[22m
[2m   Start at [22m 11:33:40
[2m   Duration [22m 2.58s[2m (transform 467ms, setup 113ms, import 0ms, tests 0ms, environment 0ms)[22m

