
[1m[46m RUN [49m[22m [36mv4.1.0 [39m[90mD:/EDUVERSE/backend[39m

[90mstdout[2m | src/tests/integration/profile.integration.test.js[2m > [22m[2mProfile Module ΓÇö Integration
[22m[39m
[DEMO] OTP for profa_3bfc7e5d@example.com: 371048


[90mstdout[2m | src/tests/integration/profile.integration.test.js[2m > [22m[2mProfile Module ΓÇö Integration
[22m[39mΓ£ë∩╕Å  Email sent: <bae31f0c-ed8e-e79f-c0bf-e061c703a42c@gmail.com>

[0mPOST /api/v1/auth/register [32m201[0m 5867.361 ms - 418[0m
[90mstdout[2m | src/tests/integration/profile.integration.test.js[2m > [22m[2mProfile Module ΓÇö Integration
[22m[39m
[DEMO] OTP for profb_e361c086@example.com: 718040


[90mstdout[2m | src/tests/integration/profile.integration.test.js[2m > [22m[2mProfile Module ΓÇö Integration
[22m[39mΓ£ë∩╕Å  Email sent: <979ec4f5-03ac-8ff9-0712-189efa33736f@gmail.com>

[0mPOST /api/v1/auth/register [32m201[0m 5816.607 ms - 418[0m
[0mPOST /api/v1/auth/login [32m200[0m 202.761 ms - 524[0m
[0mPOST /api/v1/auth/login [32m200[0m 133.594 ms - 524[0m
node.exe : [90mstderr[2m | 
src/tests/integration/profile
.integration.test.js[2m > 
[22m[2mProfile Module ΓÇö 
Integration[2m > 
[22m[2mGET /api/v1/profile/
:username[2m > 
[22m[2mshould return 404 
for non-existent profile
At C:\Program 
Files\nodejs\npx.ps1:29 
char:3
+   & $NODE_EXE $NPX_CLI_JS 
$args
+   
~~~~~~~~~~~~~~~~~~~~~~~~~~~~~
    + CategoryInfo           
   : NotSpecified: ([90mst  
  derr[2m...xistent profi   
 le:String) [], RemoteExc    
eption
    + FullyQualifiedErrorId  
   : NativeCommandError
 
[22m[39m[ERROR] [ba470de3-2
2e7-41a5-9989-40c01fcf3ccb] 
Profile not found {
  errorCode: 
[32m'USER_NOT_FOUND'[39m,
  path: [32m'/api/v1/profile
/doesnotexist'[39m,
  method: [32m'GET'[39m,
  stack: [32m'Error: 
Profile not found\n'[39m +
    [32m'    at createError 
(D:/EDUVERSE/backend/src/util
s/ApiError.js:14:15)\n'[39m 
+
    [32m'    at 
Module.getProfile (D:/EDUVERS
E/backend/src/modules/profile
/profile.service.js:17:22)\n'
[39m +
    [32m'    at 
processTicksAndRejections (no
de:internal/process/task_queu
es:105:5)\n'[39m +
    [32m'    at D:/EDUVERSE/
backend/src/modules/profile/p
rofile.controller.js:11:19'[
39m
}

[0mGET /api/v1/profile/doesnotexist [33m404[0m 9.776 ms - 236[0m
[90mstderr[2m | src/tests/i
ntegration/profile.integratio
n.test.js[2m > 
[22m[2mProfile Module ΓÇö 
Integration[2m > 
[22m[2mGET /api/v1/profile/
:username[2m > 
[22m[2mshould return 
profile for valid username 
(userB profile fetched by 
userA)
[22m[39m[ERROR] [fb22b89a-1
13d-49e2-84f9-f584eef48052] 
Profile not found {
  errorCode: 
[32m'USER_NOT_FOUND'[39m,
  path: [32m'/api/v1/profile
/undefined'[39m,
  method: [32m'GET'[39m,
  stack: [32m'Error: 
Profile not found\n'[39m +
    [32m'    at createError 
(D:/EDUVERSE/backend/src/util
s/ApiError.js:14:15)\n'[39m 
+
    [32m'    at 
Module.getProfile (D:/EDUVERS
E/backend/src/modules/profile
/profile.service.js:17:22)\n'
[39m +
    [32m'    at 
processTicksAndRejections (no
de:internal/process/task_queu
es:105:5)\n'[39m +
    [32m'    at D:/EDUVERSE/
backend/src/modules/profile/p
rofile.controller.js:11:19'[
39m
}
[0mGET /api/v1/profile/undefined [33m404[0m 8.482 ms - 233[0m

[90mstderr[2m | src/tests/i
ntegration/profile.integratio
n.test.js[2m > 
[22m[2mProfile Module ΓÇö 
Integration[2m > 
[22m[2mGET /api/v1/profile/
:username[2m > 
[22m[2mshould show 
isMe=true when fetching own 
profile
[22m[39m[ERROR] [ab7924ce-7
391-44f1-a16b-d62e8ed75f6d] 
Profile not found {
  errorCode: 
[32m'USER_NOT_FOUND'[39m,
  path: [32m'/api/v1/profile
/undefined'[39m,
  method: [32m'GET'[39m,
  stack: [32m'Error: 
Profile not found\n'[39m +
    [32m'    at createError 
(D:/EDUVERSE/backend/src/util
s/ApiError.js:14:15)\n'[39m 
+
    [32m'    at 
Module.getProfile (D:/EDUVERS
E/backend/src/modules/profile
/profile.service.js:17:22)\n'
[39m +
    [32m'    at 
processTicksAndRejections (no
de:internal/process/task_queu
es:105:5)\n'[39m +
    [32m'    at D:/EDUVERSE/
backend/src/modules/profile/p
rofile.controller.js:11:19'[
39m
}

[0mGET /api/v1/profile/undefined [33m404[0m 5.560 ms - 233[0m
[0mPUT /api/v1/profile [33m404[0m 0.811 ms - 237[0m
[0mPUT /api/v1/profile [33m404[0m 1.144 ms - 237[0m
[0mPOST /api/v1/profile/follow/adac5adf-96d0-469b-b552-d232182ab046 [32m200[0m 15.089 ms - 242[0m
[0mGET /api/v1/profile/undefined [33m404[0m 5.606 ms - 233[0m
[90mstderr[2m | src/tests/i
ntegration/profile.integratio
n.test.js[2m > 
[22m[2mProfile Module ΓÇö 
Integration[2m > 
[22m[2mFollowing 
Actions[2m > 
[22m[2mshould follow userB 
and return 200
[22m[39m[ERROR] [8f1f4250-a
919-4ea0-9c18-ab08c9195d1c] 
Profile not found {
  errorCode: 
[32m'USER_NOT_FOUND'[39m,
  path: [32m'/api/v1/profile
/undefined'[39m,
  method: [32m'GET'[39m,
  stack: [32m'Error: 
Profile not found\n'[39m +
    [32m'    at createError 
(D:/EDUVERSE/backend/src/util
s/ApiError.js:14:15)\n'[39m 
+
    [32m'    at 
Module.getProfile (D:/EDUVERS
E/backend/src/modules/profile
/profile.service.js:17:22)\n'
[39m +
    [32m'    at 
processTicksAndRejections (no
de:internal/process/task_queu
es:105:5)\n'[39m +
    [32m'    at D:/EDUVERSE/
backend/src/modules/profile/p
rofile.controller.js:11:19'[
39m
}

[0mDELETE /api/v1/profile/unfollow/adac5adf-96d0-469b-b552-d232182ab046 [33m404[0m 0.384 ms - 335[0m
 [31mΓ¥»[39m src/tests/integration/profile.integration.test.js [2m([22m[2m7 tests[22m[2m | [22m[31m6 failed[39m[2m)[22m[33m 12298[2mms[22m[39m
       [32mΓ£ô[39m should return 404 for non-existent profile[32m 22[2mms[22m[39m
[31m       [31m├ù[31m should return profile for valid username (userB profile fetched by userA)[39m[32m 25[2mms[22m[39m
[31m       [31m├ù[31m should show isMe=true when fetching own profile[39m[32m 13[2mms[22m[39m
[31m       [31m├ù[31m should update profile fields and return 200[39m[32m 9[2mms[22m[39m
[31m       [31m├ù[31m should throw Error when attempting to update protected fields like user_id[39m[32m 11[2mms[22m[39m
[31m       [31m├ù[31m should follow userB and return 200[39m[32m 36[2mms[22m[39m
[31m       [31m├ù[31m should unfollow userB and updated follower count[39m[32m 9[2mms[22m[39m

[31mΓÄ»ΓÄ»ΓÄ»ΓÄ»ΓÄ»ΓÄ»ΓÄ»[3
9m[1m[41m Failed Tests 6 [
49m[22m[31mΓÄ»ΓÄ»ΓÄ»ΓÄ»ΓÄ»Γ
Ä»ΓÄ»[39m

[41m[1m FAIL [22m[49m src
/tests/integration/profile.in
tegration.test.js[2m > 
[22mProfile Module ΓÇö 
Integration[2m > [22mGET /a
pi/v1/profile/:username[2m 
> [22mshould return profile 
for valid username (userB 
profile fetched by userA)
[31m[1mAssertionError[22m:
 expected 404 to be 200 // 
Object.is equality[39m

[32m- Expected[39m
[31m+ Received[39m

[32m- 200[39m
[31m+ 404[39m

[36m [2mΓ¥»[22m src/tests/
integration/profile.integrati
on.test.js:[2m89:26[22m[39
m
    [90m 87|[39m         [
33m.[39m[35mset[39m([32m'
Authorization'[39m[33m,[39
m [32m`Bearer [39m[36m${[
39muserA[33m.[39maccessToke
n[36m}[39m[32m`[39m)[33m
;[39m
    [90m 88|[39m
    [90m 89|[39m       [34
mexpect[39m(res[33m.[39mst
atus)[33m.[39m[34mtoBe[39
m([34m200[39m)[33m;[39m
    [90m   |[39m           
               [31m^[39m
    [90m 90|[39m       [34
mexpect[39m(res[33m.[39mbo
dy[33m.[39mdata[33m.[39mu
sername)[33m.[39m[34mtoBe
[39m(userB[33m.[39musername
)[33m;[39m
    [90m 91|[39m       [34
mexpect[39m(res[33m.[39mbo
dy[33m.[39mdata[33m.[39mi
sMe)[33m.[39m[34mtoBe[39m
([35mfalse[39m)[33m;[39m

[31m[2mΓÄ»ΓÄ»ΓÄ»ΓÄ»ΓÄ»ΓÄ»ΓÄ
»ΓÄ»ΓÄ»ΓÄ»ΓÄ»ΓÄ»ΓÄ»ΓÄ»ΓÄ»ΓÄ»Γ
Ä»ΓÄ»ΓÄ»ΓÄ»ΓÄ»ΓÄ»ΓÄ»ΓÄ»[1/6]Γ
Ä»[22m[39m

[41m[1m FAIL [22m[49m src
/tests/integration/profile.in
tegration.test.js[2m > 
[22mProfile Module ΓÇö 
Integration[2m > [22mGET /a
pi/v1/profile/:username[2m 
> [22mshould show isMe=true 
when fetching own profile
[31m[1mAssertionError[22m:
 expected 404 to be 200 // 
Object.is equality[39m

[32m- Expected[39m
[31m+ Received[39m

[32m- 200[39m
[31m+ 404[39m

[36m [2mΓ¥»[22m src/tests/
integration/profile.integrati
on.test.js:[2m99:26[22m[39
m
    [90m 97|[39m         [
33m.[39m[35mset[39m([32m'
Authorization'[39m[33m,[39
m [32m`Bearer [39m[36m${[
39muserA[33m.[39maccessToke
n[36m}[39m[32m`[39m)[33m
;[39m
    [90m 98|[39m
    [90m 99|[39m       [34
mexpect[39m(res[33m.[39mst
atus)[33m.[39m[34mtoBe[39
m([34m200[39m)[33m;[39m
    [90m   |[39m           
               [31m^[39m
    [90m100|[39m       [34
mexpect[39m(res[33m.[39mbo
dy[33m.[39mdata[33m.[39mi
sMe)[33m.[39m[34mtoBe[39m
([35mtrue[39m)[33m;[39m
    [90m101|[39m     
})[33m;[39m

[31m[2mΓÄ»ΓÄ»ΓÄ»ΓÄ»ΓÄ»ΓÄ»ΓÄ
»ΓÄ»ΓÄ»ΓÄ»ΓÄ»ΓÄ»ΓÄ»ΓÄ»ΓÄ»ΓÄ»Γ
Ä»ΓÄ»ΓÄ»ΓÄ»ΓÄ»ΓÄ»ΓÄ»ΓÄ»[2/6]Γ
Ä»[22m[39m

[41m[1m FAIL [22m[49m src
/tests/integration/profile.in
tegration.test.js[2m > 
[22mProfile Module ΓÇö 
Integration[2m > [22mPUT 
/api/v1/profile[2m > 
[22mshould update profile 
fields and return 200
[31m[1mAssertionError[22m:
 expected 404 to be 200 // 
Object.is equality[39m

[32m- Expected[39m
[31m+ Received[39m

[32m- 200[39m
[31m+ 404[39m

[36m [2mΓ¥»[22m src/tests/
integration/profile.integrati
on.test.js:[2m115:26[22m[3
9m
    [90m113|[39m         
})[33m;[39m
    [90m114|[39m
    [90m115|[39m       [34
mexpect[39m(res[33m.[39mst
atus)[33m.[39m[34mtoBe[39
m([34m200[39m)[33m;[39m
    [90m   |[39m           
               [31m^[39m
    [90m116|[39m       [34
mexpect[39m(res[33m.[39mbo
dy[33m.[39mdata[33m.[39md
isplay_name)[33m.[39m[34mt
oBe[39m([32m'Updated 
Alphas'[39m)[33m;[39m
    [90m117|[39m       [34
mexpect[39m(res[33m.[39mbo
dy[33m.[39mdata[33m.[39mb
io)[33m.[39m[34mtoBe[39m(
[32m'Integration Testing is 
Fun'[39m)[33m;[39m

[31m[2mΓÄ»ΓÄ»ΓÄ»ΓÄ»ΓÄ»ΓÄ»ΓÄ
»ΓÄ»ΓÄ»ΓÄ»ΓÄ»ΓÄ»ΓÄ»ΓÄ»ΓÄ»ΓÄ»Γ
Ä»ΓÄ»ΓÄ»ΓÄ»ΓÄ»ΓÄ»ΓÄ»ΓÄ»[3/6]Γ
Ä»[22m[39m

[41m[1m FAIL [22m[49m src
/tests/integration/profile.in
tegration.test.js[2m > 
[22mProfile Module ΓÇö 
Integration[2m > [22mPUT 
/api/v1/profile[2m > 
[22mshould throw Error when 
attempting to update 
protected fields like user_id
[31m[1mAssertionError[22m:
 expected 404 to be 200 // 
Object.is equality[39m

[32m- Expected[39m
[31m+ Received[39m

[32m- 200[39m
[31m+ 404[39m

[36m [2mΓ¥»[22m src/tests/
integration/profile.integrati
on.test.js:[2m127:26[22m[3
9m
    [90m125|[39m         
[33m.[39m[34msend[39m({ 
user_id[33m:[39m 
[32m'HACKED-ID'[39m 
})[33m;[39m
    [90m126|[39m
    [90m127|[39m       [34
mexpect[39m(res[33m.[39mst
atus)[33m.[39m[34mtoBe[39
m([34m200[39m)[33m;[39m
    [90m   |[39m           
               [31m^[39m
    [90m128|[39m       [34
mexpect[39m(res[33m.[39mbo
dy[33m.[39mdata[33m.[39mu
ser_id)[33m.[39mnot[33m.[
39m[34mtoBe[39m([32m'HACKE
D-ID'[39m)[33m;[39m
    [90m129|[39m     
})[33m;[39m

[31m[2mΓÄ»ΓÄ»ΓÄ»ΓÄ»ΓÄ»ΓÄ»ΓÄ
»ΓÄ»ΓÄ»ΓÄ»ΓÄ»ΓÄ»ΓÄ»ΓÄ»ΓÄ»ΓÄ»Γ
Ä»ΓÄ»ΓÄ»ΓÄ»ΓÄ»ΓÄ»ΓÄ»ΓÄ»[4/6]Γ
Ä»[22m[39m

[41m[1m FAIL [22m[49m src
/tests/integration/profile.in
tegration.test.js[2m > 
[22mProfile Module ΓÇö 
Integration[2m > 
[22mFollowing Actions[2m > 
[22mshould follow userB and 
return 200
[31m[1mTypeError[22m: 
Cannot read properties of 
undefined (reading 
'isFollowing')[39m
[36m [2mΓ¥»[22m src/tests/
integration/profile.integrati
on.test.js:[2m147:32[22m[3
9m
    [90m145|[39m         [
33m.[39m[35mset[39m([32m'
Authorization'[39m[33m,[39
m [32m`Bearer [39m[36m${[
39muserA[33m.[39maccessToke
n[36m}[39m[32m`[39m)[33m
;[39m
    [90m146|[39m
    [90m147|[39m       [34
mexpect[39m(profRes[33m.[3
9mbody[33m.[39mdata[33m.[
39misFollowing)[33m.[39m[3
4mtoBe[39m([35mtrue[39m)[
33m;[39m
    [90m   |[39m           
                     
[31m^[39m
    [90m148|[39m       [34
mexpect[39m(profRes[33m.[3
9mbody[33m.[39mdata[33m.[
39mfollower_count)[33m.[39m
[34mtoBeGreaterThan[39m([3
4m0[39m)[33m;[39m
    [90m149|[39m     
})[33m;[39m

[31m[2mΓÄ»ΓÄ»ΓÄ»ΓÄ»ΓÄ»ΓÄ»ΓÄ
»ΓÄ»ΓÄ»ΓÄ»ΓÄ»ΓÄ»ΓÄ»ΓÄ»ΓÄ»ΓÄ»Γ
Ä»ΓÄ»ΓÄ»ΓÄ»ΓÄ»ΓÄ»ΓÄ»ΓÄ»[5/6]Γ
Ä»[22m[39m

[41m[1m FAIL [22m[49m src
/tests/integration/profile.in
tegration.test.js[2m > 
[22mProfile Module ΓÇö 
Integration[2m > 
[22mFollowing Actions[2m > 
[22mshould unfollow userB 
and updated follower count
[31m[1mAssertionError[22m:
 expected 404 to be 200 // 
Object.is equality[39m

[32m- Expected[39m
[31m+ Received[39m

[32m- 200[39m
[31m+ 404[39m

[36m [2mΓ¥»[22m src/tests/
integration/profile.integrati
on.test.js:[2m156:26[22m[3
9m
    [90m154|[39m         [
33m.[39m[35mset[39m([32m'
Authorization'[39m[33m,[39
m [32m`Bearer [39m[36m${[
39muserA[33m.[39maccessToke
n[36m}[39m[32m`[39m)[33m
;[39m
    [90m155|[39m
    [90m156|[39m       [34
mexpect[39m(res[33m.[39mst
atus)[33m.[39m[34mtoBe[39
m([34m200[39m)[33m;[39m
    [90m   |[39m           
               [31m^[39m
    [90m157|[39m       [34
mexpect[39m(res[33m.[39mbo
dy[33m.[39mmessage)[33m.[
39m[34mtoMatch[39m([36m/un
followed/i[39m)[33m;[39m
    [90m158|[39m

[31m[2mΓÄ»ΓÄ»ΓÄ»ΓÄ»ΓÄ»ΓÄ»ΓÄ
»ΓÄ»ΓÄ»ΓÄ»ΓÄ»ΓÄ»ΓÄ»ΓÄ»ΓÄ»ΓÄ»Γ
Ä»ΓÄ»ΓÄ»ΓÄ»ΓÄ»ΓÄ»ΓÄ»ΓÄ»[6/6]Γ
Ä»[22m[39m


[2m Test Files [22m [1m[31m1 failed[39m[22m[90m (1)[39m
[2m      Tests [22m [1m[31m6 failed[39m[22m[2m | [22m[1m[32m1 passed[39m[22m[90m (7)[39m
[2m   Start at [22m 10:34:46
[2m   Duration [22m 14.99s[2m (transform 745ms, setup 0ms, import 2.31s, tests 12.30s, environment 0ms)[22m

