
[1m[46m RUN [49m[22m [36mv4.1.0 [39m[90mD:/EDUVERSE/backend[39m

[90mstdout[2m | src/tests/integration/profile.integration.test.js[2m > [22m[2mProfile Module ΓÇö Integration
[22m[39m
[DEMO] OTP for profa_6388bbab@example.com: 737697


[90mstdout[2m | src/tests/integration/profile.integration.test.js[2m > [22m[2mProfile Module ΓÇö Integration
[22m[39mΓ£ë∩╕Å  Email sent: <1fa6a463-da31-0d65-ccc5-9ed6d2161932@gmail.com>

[0mPOST /api/v1/auth/register [32m201[0m 5532.831 ms - 418[0m
[90mstdout[2m | src/tests/integration/profile.integration.test.js[2m > [22m[2mProfile Module ΓÇö Integration
[22m[39m
[DEMO] OTP for profb_edaafab7@example.com: 821066


[90mstdout[2m | src/tests/integration/profile.integration.test.js[2m > [22m[2mProfile Module ΓÇö Integration
[22m[39mΓ£ë∩╕Å  Email sent: <bdeba3f1-788d-a7d9-3232-45cfbe7d0296@gmail.com>

[0mPOST /api/v1/auth/register [32m201[0m 5522.332 ms - 418[0m
[0mPOST /api/v1/auth/login [32m200[0m 185.285 ms - 524[0m
[0mPOST /api/v1/auth/login [32m200[0m 184.508 ms - 524[0m
node.exe : [90mstderr[2m | 
src/tests/integration/profile
.integration.test.js[2m > 
[22m[2mProfile Module ΓÇö 
Integration[2m > 
[22m[2mGET /api/v1/profile/
:username[2m > 
[22m[2mshould return 404 
for non-existent profile
At C:\Program 
Files\nodejs\npx.ps1:29 
char:3
+   & $NODE_EXE $NPX_CLI_JS 
$args
+   
~~~~~~~~~~~~~~~~~~~~~~~~~~~~~
    + CategoryInfo           
   : NotSpecified: ([90mst  
  derr[2m...xistent profi   
 le:String) [], RemoteExc    
eption
    + FullyQualifiedErrorId  
   : NativeCommandError
 
[22m[39m[ERROR] [4ee1c8dc-3
2d1-4e78-ab17-230836c2175a] 
Profile not found {
  errorCode: 
[32m'USER_NOT_FOUND'[39m,
  path: [32m'/api/v1/profile
/doesnotexist'[39m,
  method: [32m'GET'[39m,
  stack: [32m'Error: 
Profile not found\n'[39m +
    [32m'    at createError 
(D:/EDUVERSE/backend/src/util
s/ApiError.js:14:15)\n'[39m 
+
    [32m'    at 
Module.getProfile (D:/EDUVERS
E/backend/src/modules/profile
/profile.service.js:17:22)\n'
[39m +
    [32m'    at 
processTicksAndRejections (no
de:internal/process/task_queu
es:105:5)\n'[39m +
    [32m'    at D:/EDUVERSE/
backend/src/modules/profile/p
rofile.controller.js:11:19'[
39m
}

[0mGET /api/v1/profile/doesnotexist [33m404[0m 14.992 ms - 236[0m
[90mstderr[2m | src/tests/i
ntegration/profile.integratio
n.test.js[2m > 
[22m[2mProfile Module ΓÇö 
Integration[2m > 
[22m[2mGET /api/v1/profile/
:username[2m > 
[22m[2mshould return 
profile for valid username 
(userB profile fetched by 
userA)
[22m[39m[ERROR] [5762e435-6
b9e-491f-8195-9ba23d6e0c22] 
Profile not found {
  errorCode: 
[32m'USER_NOT_FOUND'[39m,
  path: [32m'/api/v1/profile
/undefined'[39m,
  method: [32m'GET'[39m,
  stack: [32m'Error: 
Profile not found\n'[39m +
    [32m'    at createError 
(D:/EDUVERSE/backend/src/util
s/ApiError.js:14:15)\n'[39m 
+
    [32m'    at 
Module.getProfile (D:/EDUVERS
E/backend/src/modules/profile
/profile.service.js:17:22)\n'
[39m +
    [32m'    at 
processTicksAndRejections (no
de:internal/process/task_queu
es:105:5)\n'[39m +
    [32m'    at D:/EDUVERSE/
backend/src/modules/profile/p
rofile.controller.js:11:19'[
39m
}

[0mGET /api/v1/profile/undefined [33m404[0m 12.681 ms - 233[0m
[90mstderr[2m | src/tests/i
ntegration/profile.integratio
n.test.js[2m > 
[22m[2mProfile Module ΓÇö 
Integration[2m > 
[22m[2mGET /api/v1/profile/
:username[2m > 
[22m[2mshould show 
isMe=true when fetching own 
profile
[22m[39m[ERROR] [9d78fca1-1
7f2-4a2b-993b-7bcb381fb7c2] 
Profile not found {
  errorCode: 
[32m'USER_NOT_FOUND'[39m,
  path: [32m'/api/v1/profile
/undefined'[39m,
  method: [32m'GET'[39m,
  stack: [32m'Error: 
Profile not found\n'[39m +
    [32m'    at createError 
(D:/EDUVERSE/backend/src/util
s/ApiError.js:14:15)\n'[39m 
+
    [32m'    at 
Module.getProfile (D:/EDUVERS
E/backend/src/modules/profile
/profile.service.js:17:22)\n'
[39m +
    [32m'    at 
processTicksAndRejections (no
de:internal/process/task_queu
es:105:5)\n'[39m +
    [32m'    at D:/EDUVERSE/
backend/src/modules/profile/p
rofile.controller.js:11:19'[
39m
}

[0mGET /api/v1/profile/undefined [33m404[0m 6.456 ms - 233[0m
[0mPATCH /api/v1/profile/me [32m200[0m 17.854 ms - 892[0m
[90mstderr[2m | src/tests/i
ntegration/profile.integratio
n.test.js[2m > 
[22m[2mProfile Module ΓÇö 
Integration[2m > 
[22m[2mPATCH 
/api/v1/profile/me[2m > 
[22m[2mshould throw Error 
when attempting to update 
protected fields like user_id
[22m[39m[ERROR] [0c78b949-d
89a-4bc1-9bdf-c7506930264b] 
You have an error in your 
SQL syntax; check the manual 
that corresponds to your 
MySQL server version for the 
right syntax to use near 
'WHERE user_id = ?' at line 
1 {
  errorCode: 
[90mundefined[39m,
  path: [32m'/api/v1/profile
/me'[39m,
  method: [32m'PATCH'[39m,
  stack: [32m"Error: You 
have an error in your SQL 
syntax; check the manual 
that corresponds to your 
MySQL server version for the 
right syntax to use near 
'WHERE user_id = ?' at line 
1\n"[39m +
    [32m'    at 
PromisePool.execute (D:\\EDUV
ERSE\\backend\\node_modules\\
mysql2\\lib\\promise\\pool.js
:54:22)\n'[39m +
    [32m'    at 
Object.update (D:/EDUVERSE/ba
ckend/src/modules/profile/pro
file.repository.js:50:33)\n'
[39m +
    [32m'    at 
Module.updateProfile (D:/EDUV
ERSE/backend/src/modules/prof
ile/profile.service.js:68:27)
\n'[39m +
    [32m'    at D:/EDUVERSE/
backend/src/modules/profile/p
rofile.controller.js:26:47\n'
[39m +
    [32m'    at D:/EDUVERSE/
backend/src/utils/asyncHandle
r.js:14:19\n'[39m +
    [32m'    at 
Layer.handle [as 
handle_request] (D:\\EDUVERSE
\\backend\\node_modules\\expr
ess\\lib\\router\\layer.js:95
:5)\n'[39m +
    [32m'    at next (D:\\ED
UVERSE\\backend\\node_modules
\\express\\lib\\router\\route
.js:149:13)\n'[39m +
    [32m'    at 
multerMiddleware (D:\\EDUVERS
E\\backend\\node_modules\\mul
ter\\lib\\make-middleware.js:
18:41)\n'[39m +
    [32m'    at 
Layer.handle [as 
handle_request] (D:\\EDUVERSE
\\backend\\node_modules\\expr
ess\\lib\\router\\layer.js:95
:5)\n'[39m +
    [32m'    at next (D:\\ED
UVERSE\\backend\\node_modules
\\express\\lib\\router\\route
.js:149:13)'[39m
}

[0mPATCH /api/v1/profile/me [31m500[0m 6.568 ms - 239[0m
[0mPOST /api/v1/profile/follow/24b7e58d-32ac-4860-9d66-e7ff9a45d0cd [32m200[0m 10.784 ms - 242[0m
[90mstderr[2m | src/tests/i
ntegration/profile.integratio
n.test.js[2m > 
[22m[2mProfile Module ΓÇö 
Integration[2m > 
[22m[2mFollowing 
Actions[2m > 
[22m[2mshould follow userB 
and return 200
[22m[39m[ERROR] [8d004b27-2
dee-427b-bb3d-72a9f6d2dbe8] 
Profile not found {
  errorCode: 
[32m'USER_NOT_FOUND'[39m,
  path: [32m'/api/v1/profile
/undefined'[39m,
  method: [32m'GET'[39m,
  stack: [32m'Error: 
Profile not found\n'[39m +
    [32m'    at createError 
(D:/EDUVERSE/backend/src/util
s/ApiError.js:14:15)\n'[39m 
+
    [32m'    at 
Module.getProfile (D:/EDUVERS
E/backend/src/modules/profile
/profile.service.js:17:22)\n'
[39m +
    [32m'    at 
processTicksAndRejections (no
de:internal/process/task_queu
es:105:5)\n'[39m +
    [32m'    at D:/EDUVERSE/
backend/src/modules/profile/p
rofile.controller.js:11:19'[
39m
}

[0mGET /api/v1/profile/undefined [33m404[0m 4.566 ms - 233[0m
[0mDELETE /api/v1/profile/follow/24b7e58d-32ac-4860-9d66-e7ff9a45d0cd [32m200[0m 8.241 ms - 246[0m
[90mstderr[2m | src/tests/i
ntegration/profile.integratio
n.test.js[2m > 
[22m[2mProfile Module ΓÇö 
Integration[2m > 
[22m[2mFollowing 
Actions[2m > 
[22m[2mshould unfollow 
userB and updated follower 
count
[22m[39m[ERROR] [86a3e4ae-9
de8-4932-8e2e-dbacae109a50] 
Profile not found {
  errorCode: 
[32m'USER_NOT_FOUND'[39m,
  path: [32m'/api/v1/profile
/undefined'[39m,
  method: [32m'GET'[39m,
  stack: [32m'Error: 
Profile not found\n'[39m +
    [32m'    at createError 
(D:/EDUVERSE/backend/src/util
s/ApiError.js:14:15)\n'[39m 
+
    [32m'    at 
Module.getProfile (D:/EDUVERS
E/backend/src/modules/profile
/profile.service.js:17:22)\n'
[39m +
    [32m'    at 
processTicksAndRejections (no
de:internal/process/task_queu
es:105:5)\n'[39m +
    [32m'    at D:/EDUVERSE/
backend/src/modules/profile/p
rofile.controller.js:11:19'[
39m
}

[0mGET /api/v1/profile/undefined [33m404[0m 5.309 ms - 233[0m
 [31mΓ¥»[39m src/tests/integration/profile.integration.test.js [2m([22m[2m7 tests[22m[2m | [22m[31m5 failed[39m[2m)[22m[33m 11788[2mms[22m[39m
       [32mΓ£ô[39m should return 404 for non-existent profile[32m 30[2mms[22m[39m
[31m       [31m├ù[31m should return profile for valid username (userB profile fetched by userA)[39m[32m 33[2mms[22m[39m
[31m       [31m├ù[31m should show isMe=true when fetching own profile[39m[32m 14[2mms[22m[39m
       [32mΓ£ô[39m should update profile fields and return 200[32m 25[2mms[22m[39m
[31m       [31m├ù[31m should throw Error when attempting to update protected fields like user_id[39m[32m 19[2mms[22m[39m
[31m       [31m├ù[31m should follow userB and return 200[39m[32m 29[2mms[22m[39m
[31m       [31m├ù[31m should unfollow userB and updated follower count[39m[32m 27[2mms[22m[39m

[31mΓÄ»ΓÄ»ΓÄ»ΓÄ»ΓÄ»ΓÄ»ΓÄ»[3
9m[1m[41m Failed Tests 5 [
49m[22m[31mΓÄ»ΓÄ»ΓÄ»ΓÄ»ΓÄ»Γ
Ä»ΓÄ»[39m

[41m[1m FAIL [22m[49m src
/tests/integration/profile.in
tegration.test.js[2m > 
[22mProfile Module ΓÇö 
Integration[2m > [22mGET /a
pi/v1/profile/:username[2m 
> [22mshould return profile 
for valid username (userB 
profile fetched by userA)
[31m[1mAssertionError[22m:
 expected 404 to be 200 // 
Object.is equality[39m

[32m- Expected[39m
[31m+ Received[39m

[32m- 200[39m
[31m+ 404[39m

[36m [2mΓ¥»[22m src/tests/
integration/profile.integrati
on.test.js:[2m89:26[22m[39
m
    [90m 87|[39m         [
33m.[39m[35mset[39m([32m'
Authorization'[39m[33m,[39
m [32m`Bearer [39m[36m${[
39muserA[33m.[39maccessToke
n[36m}[39m[32m`[39m)[33m
;[39m
    [90m 88|[39m
    [90m 89|[39m       [34
mexpect[39m(res[33m.[39mst
atus)[33m.[39m[34mtoBe[39
m([34m200[39m)[33m;[39m
    [90m   |[39m           
               [31m^[39m
    [90m 90|[39m       [34
mexpect[39m(res[33m.[39mbo
dy[33m.[39mdata[33m.[39mu
sername)[33m.[39m[34mtoBe
[39m(userB[33m.[39musername
)[33m;[39m
    [90m 91|[39m       [34
mexpect[39m(res[33m.[39mbo
dy[33m.[39mdata[33m.[39mi
sMe)[33m.[39m[34mtoBe[39m
([35mfalse[39m)[33m;[39m

[31m[2mΓÄ»ΓÄ»ΓÄ»ΓÄ»ΓÄ»ΓÄ»ΓÄ
»ΓÄ»ΓÄ»ΓÄ»ΓÄ»ΓÄ»ΓÄ»ΓÄ»ΓÄ»ΓÄ»Γ
Ä»ΓÄ»ΓÄ»ΓÄ»ΓÄ»ΓÄ»ΓÄ»ΓÄ»[1/5]Γ
Ä»[22m[39m

[41m[1m FAIL [22m[49m src
/tests/integration/profile.in
tegration.test.js[2m > 
[22mProfile Module ΓÇö 
Integration[2m > [22mGET /a
pi/v1/profile/:username[2m 
> [22mshould show isMe=true 
when fetching own profile
[31m[1mAssertionError[22m:
 expected 404 to be 200 // 
Object.is equality[39m

[32m- Expected[39m
[31m+ Received[39m

[32m- 200[39m
[31m+ 404[39m

[36m [2mΓ¥»[22m src/tests/
integration/profile.integrati
on.test.js:[2m99:26[22m[39
m
    [90m 97|[39m         [
33m.[39m[35mset[39m([32m'
Authorization'[39m[33m,[39
m [32m`Bearer [39m[36m${[
39muserA[33m.[39maccessToke
n[36m}[39m[32m`[39m)[33m
;[39m
    [90m 98|[39m
    [90m 99|[39m       [34
mexpect[39m(res[33m.[39mst
atus)[33m.[39m[34mtoBe[39
m([34m200[39m)[33m;[39m
    [90m   |[39m           
               [31m^[39m
    [90m100|[39m       [34
mexpect[39m(res[33m.[39mbo
dy[33m.[39mdata[33m.[39mi
sMe)[33m.[39m[34mtoBe[39m
([35mtrue[39m)[33m;[39m
    [90m101|[39m     
})[33m;[39m

[31m[2mΓÄ»ΓÄ»ΓÄ»ΓÄ»ΓÄ»ΓÄ»ΓÄ
»ΓÄ»ΓÄ»ΓÄ»ΓÄ»ΓÄ»ΓÄ»ΓÄ»ΓÄ»ΓÄ»Γ
Ä»ΓÄ»ΓÄ»ΓÄ»ΓÄ»ΓÄ»ΓÄ»ΓÄ»[2/5]Γ
Ä»[22m[39m

[41m[1m FAIL [22m[49m src
/tests/integration/profile.in
tegration.test.js[2m > 
[22mProfile Module ΓÇö 
Integration[2m > [22mPATCH 
/api/v1/profile/me[2m > 
[22mshould throw Error when 
attempting to update 
protected fields like user_id
[31m[1mAssertionError[22m:
 expected 500 to be 200 // 
Object.is equality[39m

[32m- Expected[39m
[31m+ Received[39m

[32m- 200[39m
[31m+ 500[39m

[36m [2mΓ¥»[22m src/tests/
integration/profile.integrati
on.test.js:[2m127:26[22m[3
9m
    [90m125|[39m         
[33m.[39m[34msend[39m({ 
user_id[33m:[39m 
[32m'HACKED-ID'[39m 
})[33m;[39m
    [90m126|[39m
    [90m127|[39m       [34
mexpect[39m(res[33m.[39mst
atus)[33m.[39m[34mtoBe[39
m([34m200[39m)[33m;[39m
    [90m   |[39m           
               [31m^[39m
    [90m128|[39m       [34
mexpect[39m(res[33m.[39mbo
dy[33m.[39mdata[33m.[39mu
ser_id)[33m.[39mnot[33m.[
39m[34mtoBe[39m([32m'HACKE
D-ID'[39m)[33m;[39m
    [90m129|[39m     
})[33m;[39m

[31m[2mΓÄ»ΓÄ»ΓÄ»ΓÄ»ΓÄ»ΓÄ»ΓÄ
»ΓÄ»ΓÄ»ΓÄ»ΓÄ»ΓÄ»ΓÄ»ΓÄ»ΓÄ»ΓÄ»Γ
Ä»ΓÄ»ΓÄ»ΓÄ»ΓÄ»ΓÄ»ΓÄ»ΓÄ»[3/5]Γ
Ä»[22m[39m

[41m[1m FAIL [22m[49m src
/tests/integration/profile.in
tegration.test.js[2m > 
[22mProfile Module ΓÇö 
Integration[2m > 
[22mFollowing Actions[2m > 
[22mshould follow userB and 
return 200
[31m[1mTypeError[22m: 
Cannot read properties of 
undefined (reading 
'isFollowing')[39m
[36m [2mΓ¥»[22m src/tests/
integration/profile.integrati
on.test.js:[2m147:32[22m[3
9m
    [90m145|[39m         [
33m.[39m[35mset[39m([32m'
Authorization'[39m[33m,[39
m [32m`Bearer [39m[36m${[
39muserA[33m.[39maccessToke
n[36m}[39m[32m`[39m)[33m
;[39m
    [90m146|[39m
    [90m147|[39m       [34
mexpect[39m(profRes[33m.[3
9mbody[33m.[39mdata[33m.[
39misFollowing)[33m.[39m[3
4mtoBe[39m([35mtrue[39m)[
33m;[39m
    [90m   |[39m           
                     
[31m^[39m
    [90m148|[39m       [34
mexpect[39m(profRes[33m.[3
9mbody[33m.[39mdata[33m.[
39mfollower_count)[33m.[39m
[34mtoBeGreaterThan[39m([3
4m0[39m)[33m;[39m
    [90m149|[39m     
})[33m;[39m

[31m[2mΓÄ»ΓÄ»ΓÄ»ΓÄ»ΓÄ»ΓÄ»ΓÄ
»ΓÄ»ΓÄ»ΓÄ»ΓÄ»ΓÄ»ΓÄ»ΓÄ»ΓÄ»ΓÄ»Γ
Ä»ΓÄ»ΓÄ»ΓÄ»ΓÄ»ΓÄ»ΓÄ»ΓÄ»[4/5]Γ
Ä»[22m[39m

[41m[1m FAIL [22m[49m src
/tests/integration/profile.in
tegration.test.js[2m > 
[22mProfile Module ΓÇö 
Integration[2m > 
[22mFollowing Actions[2m > 
[22mshould unfollow userB 
and updated follower count
[31m[1mTypeError[22m: 
Cannot read properties of 
undefined (reading 
'isFollowing')[39m
[36m [2mΓ¥»[22m src/tests/
integration/profile.integrati
on.test.js:[2m163:32[22m[3
9m
    [90m161|[39m         [
33m.[39m[35mget[39m([32m`
/api/v1/profile/[39m[36m${
[39muserB[33m.[39musername
[36m}[39m[32m`[39m)
    [90m162|[39m         [
33m.[39m[35mset[39m([32m'
Authorization'[39m[33m,[39
m [32m`Bearer [39m[36m${[
39muserA[33m.[39maccessToke
n[36m}[39m[32m`[39m)[33m
;[39m
    [90m163|[39m       [34
mexpect[39m(profRes[33m.[3
9mbody[33m.[39mdata[33m.[
39misFollowing)[33m.[39m[3
4mtoBe[39m([35mfalse[39m)
[33m;[39m
    [90m   |[39m           
                     
[31m^[39m
    [90m164|[39m     
})[33m;[39m
    [90m165|[39m   
})[33m;[39m

[31m[2mΓÄ»ΓÄ»ΓÄ»ΓÄ»ΓÄ»ΓÄ»ΓÄ
»ΓÄ»ΓÄ»ΓÄ»ΓÄ»ΓÄ»ΓÄ»ΓÄ»ΓÄ»ΓÄ»Γ
Ä»ΓÄ»ΓÄ»ΓÄ»ΓÄ»ΓÄ»ΓÄ»ΓÄ»[5/5]Γ
Ä»[22m[39m


[2m Test Files [22m [1m[31m1 failed[39m[22m[90m (1)[39m
[2m      Tests [22m [1m[31m5 failed[39m[22m[2m | [22m[1m[32m2 passed[39m[22m[90m (7)[39m
[2m   Start at [22m 10:37:09
[2m   Duration [22m 15.09s[2m (transform 1.07s, setup 0ms, import 2.83s, tests 11.79s, environment 0ms)[22m

