node.exe : [1m[43m 
DEPRECATED [49m[22m 
[33m`test.poolOptions` was 
removed in Vitest 4. All 
previous `poolOptions` are 
now top-level options. 
Please, refer to the 
migration guide: https://vite
st.dev/guide/migration#pool-r
ework[39m
At C:\Program 
Files\nodejs\npx.ps1:29 
char:3
+   & $NODE_EXE $NPX_CLI_JS 
$args
+   
~~~~~~~~~~~~~~~~~~~~~~~~~~~~~
    + CategoryInfo           
   : NotSpecified: ([1m[4  
  3m DEPRE...ool-rework[3   
 9m:String) [], RemoteExc    
eption
    + FullyQualifiedErrorId  
   : NativeCommandError
 

[1m[46m RUN [49m[22m [36mv4.1.0 [39m[90mD:/EDUVERSE/backend[39m

[90mstdout[2m | src/tests/integration/security.integration.test.js[2m > [22m[2mSecurity Layer ΓÇö Penetration Testing
[22m[39m[DEMO] OTP for seca_81652707@example.com: 714086

[0mPOST /api/v1/auth/register [32m201[0m 258.739 ms - 345[0m
[0mPOST /api/v1/auth/login [32m200[0m 114.653 ms - 537[0m
[90mstderr[2m | src/tests/i
ntegration/security.integrati
on.test.js[2m > 
[22m[2mSecurity Layer ΓÇö 
Penetration Testing[2m > 
[22m[2mSQLi ΓÇö should NOT 
allow authentication bypass 
via OR 1=1
[22m[39m[ERROR] [c69bfc8b-4
081-449d-808e-fdf5249c1281] 
Validation failed {
  errorCode: 
[32m'VALIDATION_ERROR'[39m,
  path: [32m'/api/v1/auth/lo
gin'[39m,
  method: [32m'POST'[39m,
  stack: [32m'Error: 
Validation failed\n'[39m +
    [32m'    at createError 
(D:/EDUVERSE/backend/src/util
s/ApiError.js:14:15)\n'[39m 
+
    [32m'    at validate (D:
/EDUVERSE/backend/src/middlew
ares/validate.middleware.js:1
7:28)\n'[39m +
    [32m'    at 
Layer.handle [as 
handle_request] (D:\\EDUVERSE
\\backend\\node_modules\\expr
ess\\lib\\router\\layer.js:95
:5)\n'[39m +
    [32m'    at next (D:\\ED
UVERSE\\backend\\node_modules
\\express\\lib\\router\\route
.js:149:13)\n'[39m +
    [32m'    at middleware (
D:\\EDUVERSE\\backend\\node_m
odules\\express-validator\\li
b\\middlewares\\check.js:16:1
3)\n'[39m +
    [32m'    at 
processTicksAndRejections (no
de:internal/process/task_queu
es:105:5)'[39m
}

[0mPOST /api/v1/auth/login [33m422[0m 3.290 ms - 229[0m
[90mstdout[2m | src/tests/integration/security.integration.test.js[2m > [22m[2mSecurity Layer ΓÇö Penetration Testing[2m > [22m[2mMass Assignment ΓÇö should NOT allow manual count inflation
[22m[39m[DEBUG] updateProfile: User 9a0428a6-d09a-4abf-aad9-82703491ba14 { display_name: [32m'Audit User'[39m, follower_count: [33m999999[39m }

[0mPATCH /api/v1/profile/me [32m200[0m 15.471 ms - 861[0m
[0mGET /api/v1/profile/me [32m200[0m 5.753 ms - 838[0m
[90mstdout[2m | src/tests/integration/security.integration.test.js[2m > [22m[2mSecurity Layer ΓÇö Penetration Testing[2m > [22m[2mXSS ΓÇö should sanitize script tags in body payload
[22m[39m[DEBUG] updateProfile: User 9a0428a6-d09a-4abf-aad9-82703491ba14 { display_name: [32m"<script>alert('pwned')</script> Hello"[39m }

[0mPATCH /api/v1/profile/me [32m200[0m 9.006 ms - 888[0m
[90mstderr[2m | src/tests/i
ntegration/security.integrati
on.test.js[2m > 
[22m[2mSecurity Layer ΓÇö 
Penetration Testing[2m > 
[22m[2mBroken Auth ΓÇö 
should reject JWT with 
manipulated payload/signature
[22m[39m[ERROR] [014a16a5-e
e01-4a00-bb4f-51cba6a67c76] 
Not authorized, token failed 
or expired {
  errorCode: 
[32m'UNAUTHORIZED'[39m,
  path: [32m'/api/v1/profile
/me'[39m,
  method: [32m'PATCH'[39m,
  stack: [32m'Error: Not 
authorized, token failed or 
expired\n'[39m +
    [32m'    at createError 
(D:/EDUVERSE/backend/src/util
s/ApiError.js:14:15)\n'[39m 
+
    [32m'    at D:/EDUVERSE/
backend/src/middlewares/auth.
middleware.js:37:22\n'[39m +
    [32m'    at D:/EDUVERSE/
backend/src/utils/asyncHandle
r.js:14:19\n'[39m +
    [32m'    at 
Layer.handle [as 
handle_request] (D:\\EDUVERSE
\\backend\\node_modules\\expr
ess\\lib\\router\\layer.js:95
:5)\n'[39m +
    [32m'    at next (D:\\ED
UVERSE\\backend\\node_modules
\\express\\lib\\router\\route
.js:149:13)\n'[39m +
    [32m'    at 
Route.dispatch (D:\\EDUVERSE\
\backend\\node_modules\\expre
ss\\lib\\router\\route.js:119
:3)\n'[39m +
    [32m'    at 
Layer.handle [as 
handle_request] (D:\\EDUVERSE
\\backend\\node_modules\\expr
ess\\lib\\router\\layer.js:95
:5)\n'[39m +
    [32m'    at D:\\EDUVERSE
\\backend\\node_modules\\expr
ess\\lib\\router\\index.js:28
4:15\n'[39m +
    [32m'    at 
Function.process_params (D:\\
EDUVERSE\\backend\\node_modul
es\\express\\lib\\router\\ind
ex.js:346:12)\n'[39m +
    [32m'    at next (D:\\ED
UVERSE\\backend\\node_modules
\\express\\lib\\router\\index
.js:280:10)'[39m
}

[0mPATCH /api/v1/profile/me [33m401[0m 3.107 ms - 248[0m
 [31mΓ¥»[39m src/tests/integration/security.integration.test.js [2m([22m[2m4 tests[22m[2m | [22m[31m2 failed[39m[2m)[22m[33m 561[2mms[22m[39m
[31m     [31m├ù[31m SQLi ΓÇö should NOT allow authentication bypass via OR 1=1[39m[32m 17[2mms[22m[39m
     [32mΓ£ô[39m Mass Assignment ΓÇö should NOT allow manual count inflation[32m 33[2mms[22m[39m
[31m     [31m├ù[31m XSS ΓÇö should sanitize script tags in body payload[39m[32m 16[2mms[22m[39m
     [32mΓ£ô[39m Broken Auth ΓÇö should reject JWT with manipulated payload/signature[32m 8[2mms[22m[39m

[31mΓÄ»ΓÄ»ΓÄ»ΓÄ»ΓÄ»ΓÄ»ΓÄ»[3
9m[1m[41m Failed Tests 2 [
49m[22m[31mΓÄ»ΓÄ»ΓÄ»ΓÄ»ΓÄ»Γ
Ä»ΓÄ»[39m

[41m[1m FAIL [22m[49m src
/tests/integration/security.i
ntegration.test.js[2m > 
[22mSecurity Layer ΓÇö 
Penetration Testing[2m > 
[22mSQLi ΓÇö should NOT 
allow authentication bypass 
via OR 1=1
[31m[1mAssertionError[22m:
 expected 422 to be 401 // 
Object.is equality[39m

[32m- Expected[39m
[31m+ Received[39m

[32m- 401[39m
[31m+ 422[39m

[36m [2mΓ¥»[22m src/tests/
integration/security.integrat
ion.test.js:[2m46:28[22m[3
9m
    [90m 44|[39m           
  })[33m;[39m
    [90m 45|[39m
    [90m 46|[39m         ex
pect(res.status).toBe(401); 
// Unauthorized, not a SQL 
errorΓÇª
    [90m   |[39m           
                 [31m^[39m
    [90m 47|[39m     
})[33m;[39m
    [90m 48|[39m

[31m[2mΓÄ»ΓÄ»ΓÄ»ΓÄ»ΓÄ»ΓÄ»ΓÄ
»ΓÄ»ΓÄ»ΓÄ»ΓÄ»ΓÄ»ΓÄ»ΓÄ»ΓÄ»ΓÄ»Γ
Ä»ΓÄ»ΓÄ»ΓÄ»ΓÄ»ΓÄ»ΓÄ»ΓÄ»[1/2]Γ
Ä»[22m[39m

[41m[1m FAIL [22m[49m src
/tests/integration/security.i
ntegration.test.js[2m > 
[22mSecurity Layer ΓÇö 
Penetration Testing[2m > 
[22mXSS ΓÇö should sanitize 
script tags in body payload
[31m[1mAssertionError[22m:
 expected '<script>alert(\'pw
ned\')</script> HelΓÇª' not 
to contain '<script>'[39m

Expected: 
[32m"<script>"[39m
Received: [31m"<script>[7ma
lert('pwned')</script> 
Hello[27m"[39m

[36m [2mΓ¥»[22m src/tests/
integration/security.integrat
ion.test.js:[2m83:48[22m[3
9m
    [90m 81|[39m
    [90m 82|[39m         [
34mexpect[39m(res[33m.[39m
status)[33m.[39m[34mtoBe[
39m([34m200[39m)[33m;[39m
    [90m 83|[39m         [
34mexpect[39m(res[33m.[39m
body[33m.[39mdata[33m.[39
mdisplay_name)[33m.[39mnot
[33m.[39m[34mtoContain[39m
([32m'<script>'[39m)[33m;
[39m
    [90m   |[39m           
                             
        [31m^[39m
    [90m 84|[39m     
})[33m;[39m
    [90m 85|[39m

[31m[2mΓÄ»ΓÄ»ΓÄ»ΓÄ»ΓÄ»ΓÄ»ΓÄ
»ΓÄ»ΓÄ»ΓÄ»ΓÄ»ΓÄ»ΓÄ»ΓÄ»ΓÄ»ΓÄ»Γ
Ä»ΓÄ»ΓÄ»ΓÄ»ΓÄ»ΓÄ»ΓÄ»ΓÄ»[2/2]Γ
Ä»[22m[39m


[2m Test Files [22m [1m[31m1 failed[39m[22m[90m (1)[39m
[2m      Tests [22m [1m[31m2 failed[39m[22m[2m | [22m[1m[32m2 passed[39m[22m[90m (4)[39m
[2m   Start at [22m 12:14:25
[2m   Duration [22m 2.20s[2m (transform 390ms, setup 0ms, import 1.41s, tests 561ms, environment 0ms)[22m

