node.exe : Running 10s test 
@ http://localhost:3000/api/v
1/auth/login
At C:\Program 
Files\nodejs\npx.ps1:29 
char:3
+   & $NODE_EXE $NPX_CLI_JS 
$args
+   
~~~~~~~~~~~~~~~~~~~~~~~~~~~~~
    + CategoryInfo           
   : NotSpecified: (Running  
   10s tes...i/v1/auth/log   
 in:String) [], RemoteExc    
eption
    + FullyQualifiedErrorId  
   : NativeCommandError
 
50 connections


ΓöîΓöÇΓöÇΓöÇΓöÇΓöÇΓöÇΓöÇΓöÇΓö
ÇΓö¼ΓöÇΓöÇΓöÇΓöÇΓöÇΓöÇΓö¼ΓöÇΓ
öÇΓöÇΓöÇΓöÇΓöÇΓöÇΓö¼ΓöÇΓöÇΓöÇ
ΓöÇΓöÇΓöÇΓöÇΓö¼ΓöÇΓöÇΓöÇΓöÇΓö
ÇΓöÇΓöÇΓö¼ΓöÇΓöÇΓöÇΓöÇΓöÇΓöÇΓ
öÇΓöÇΓöÇΓöÇΓö¼ΓöÇΓöÇΓöÇΓöÇΓöÇ
ΓöÇΓöÇΓöÇΓöÇΓöÇΓö¼ΓöÇΓöÇΓöÇΓö
ÇΓöÇΓöÇΓöÇΓöÇΓöÉ
Γöé Stat    Γöé 2.5% Γöé 50% 
  Γöé 97.5% Γöé 99%   Γöé 
Avg      Γöé Stdev    Γöé 
Max    Γöé
Γö£ΓöÇΓöÇΓöÇΓöÇΓöÇΓöÇΓöÇΓöÇΓö
ÇΓö╝ΓöÇΓöÇΓöÇΓöÇΓöÇΓöÇΓö╝ΓöÇΓ
öÇΓöÇΓöÇΓöÇΓöÇΓöÇΓö╝ΓöÇΓöÇΓöÇ
ΓöÇΓöÇΓöÇΓöÇΓö╝ΓöÇΓöÇΓöÇΓöÇΓö
ÇΓöÇΓöÇΓö╝ΓöÇΓöÇΓöÇΓöÇΓöÇΓöÇΓ
öÇΓöÇΓöÇΓöÇΓö╝ΓöÇΓöÇΓöÇΓöÇΓöÇ
ΓöÇΓöÇΓöÇΓöÇΓöÇΓö╝ΓöÇΓöÇΓöÇΓö
ÇΓöÇΓöÇΓöÇΓöÇΓöñ
Γöé Latency Γöé 2 ms Γöé 27 
ms Γöé 53 ms Γöé 66 ms Γöé 
27.19 ms Γöé 13.19 ms Γöé 
116 ms Γöé
ΓööΓöÇΓöÇΓöÇΓöÇΓöÇΓöÇΓöÇΓöÇΓö
ÇΓö┤ΓöÇΓöÇΓöÇΓöÇΓöÇΓöÇΓö┤ΓöÇΓ
öÇΓöÇΓöÇΓöÇΓöÇΓöÇΓö┤ΓöÇΓöÇΓöÇ
ΓöÇΓöÇΓöÇΓöÇΓö┤ΓöÇΓöÇΓöÇΓöÇΓö
ÇΓöÇΓöÇΓö┤ΓöÇΓöÇΓöÇΓöÇΓöÇΓöÇΓ
öÇΓöÇΓöÇΓöÇΓö┤ΓöÇΓöÇΓöÇΓöÇΓöÇ
ΓöÇΓöÇΓöÇΓöÇΓöÇΓö┤ΓöÇΓöÇΓöÇΓö
ÇΓöÇΓöÇΓöÇΓöÇΓöÿ
ΓöîΓöÇΓöÇΓöÇΓöÇΓöÇΓöÇΓöÇΓöÇΓö
ÇΓöÇΓöÇΓö¼ΓöÇΓöÇΓöÇΓöÇΓöÇΓöÇΓ
öÇΓöÇΓöÇΓö¼ΓöÇΓöÇΓöÇΓöÇΓöÇΓöÇ
ΓöÇΓöÇΓöÇΓö¼ΓöÇΓöÇΓöÇΓöÇΓöÇΓö
ÇΓöÇΓöÇΓöÇΓö¼ΓöÇΓöÇΓöÇΓöÇΓöÇΓ
öÇΓöÇΓöÇΓöÇΓö¼ΓöÇΓöÇΓöÇΓöÇΓöÇ
ΓöÇΓöÇΓöÇΓöÇΓö¼ΓöÇΓöÇΓöÇΓöÇΓö
ÇΓöÇΓöÇΓöÇΓö¼ΓöÇΓöÇΓöÇΓöÇΓöÇΓ
öÇΓöÇΓöÇΓöÇΓöÉ
Γöé Stat      Γöé 1%      
Γöé 2.5%    Γöé 50%     Γöé 
97.5%   Γöé Avg     Γöé 
Stdev  Γöé Min     Γöé
Γö£ΓöÇΓöÇΓöÇΓöÇΓöÇΓöÇΓöÇΓöÇΓö
ÇΓöÇΓöÇΓö╝ΓöÇΓöÇΓöÇΓöÇΓöÇΓöÇΓ
öÇΓöÇΓöÇΓö╝ΓöÇΓöÇΓöÇΓöÇΓöÇΓöÇ
ΓöÇΓöÇΓöÇΓö╝ΓöÇΓöÇΓöÇΓöÇΓöÇΓö
ÇΓöÇΓöÇΓöÇΓö╝ΓöÇΓöÇΓöÇΓöÇΓöÇΓ
öÇΓöÇΓöÇΓöÇΓö╝ΓöÇΓöÇΓöÇΓöÇΓöÇ
ΓöÇΓöÇΓöÇΓöÇΓö╝ΓöÇΓöÇΓöÇΓöÇΓö
ÇΓöÇΓöÇΓöÇΓö╝ΓöÇΓöÇΓöÇΓöÇΓöÇΓ
öÇΓöÇΓöÇΓöÇΓöñ
Γöé Req/Sec   Γöé 1,106   
Γöé 1,106   Γöé 1,847   Γöé 
2,087   Γöé 1,804.8 Γöé 
276.32 Γöé 1,106   Γöé
Γö£ΓöÇΓöÇΓöÇΓöÇΓöÇΓöÇΓöÇΓöÇΓö
ÇΓöÇΓöÇΓö╝ΓöÇΓöÇΓöÇΓöÇΓöÇΓöÇΓ
öÇΓöÇΓöÇΓö╝ΓöÇΓöÇΓöÇΓöÇΓöÇΓöÇ
ΓöÇΓöÇΓöÇΓö╝ΓöÇΓöÇΓöÇΓöÇΓöÇΓö
ÇΓöÇΓöÇΓöÇΓö╝ΓöÇΓöÇΓöÇΓöÇΓöÇΓ
öÇΓöÇΓöÇΓöÇΓö╝ΓöÇΓöÇΓöÇΓöÇΓöÇ
ΓöÇΓöÇΓöÇΓöÇΓö╝ΓöÇΓöÇΓöÇΓöÇΓö
ÇΓöÇΓöÇΓöÇΓö╝ΓöÇΓöÇΓöÇΓöÇΓöÇΓ
öÇΓöÇΓöÇΓöÇΓöñ
Γöé Bytes/Sec Γöé 1.55 MB 
Γöé 1.55 MB Γöé 2.58 MB Γöé 
2.92 MB Γöé 2.52 MB Γöé 386 
kB Γöé 1.55 MB Γöé
ΓööΓöÇΓöÇΓöÇΓöÇΓöÇΓöÇΓöÇΓöÇΓö
ÇΓöÇΓöÇΓö┤ΓöÇΓöÇΓöÇΓöÇΓöÇΓöÇΓ
öÇΓöÇΓöÇΓö┤ΓöÇΓöÇΓöÇΓöÇΓöÇΓöÇ
ΓöÇΓöÇΓöÇΓö┤ΓöÇΓöÇΓöÇΓöÇΓöÇΓö
ÇΓöÇΓöÇΓöÇΓö┤ΓöÇΓöÇΓöÇΓöÇΓöÇΓ
öÇΓöÇΓöÇΓöÇΓö┤ΓöÇΓöÇΓöÇΓöÇΓöÇ
ΓöÇΓöÇΓöÇΓöÇΓö┤ΓöÇΓöÇΓöÇΓöÇΓö
ÇΓöÇΓöÇΓöÇΓö┤ΓöÇΓöÇΓöÇΓöÇΓöÇΓ
öÇΓöÇΓöÇΓöÇΓöÿ

Req/Bytes counts sampled 
once per second.
# of samples: 10

0 2xx responses, 18048 non 
2xx responses
18k requests in 10.04s, 25.2 
MB read
