node.exe : Running 10s test 
@ http://localhost:3000/api/v
1/auth/login
At C:\Program 
Files\nodejs\npx.ps1:29 
char:3
+   & $NODE_EXE $NPX_CLI_JS 
$args
+   
~~~~~~~~~~~~~~~~~~~~~~~~~~~~~
    + CategoryInfo           
   : NotSpecified: (Running  
   10s tes...i/v1/auth/log   
 in:String) [], RemoteExc    
eption
    + FullyQualifiedErrorId  
   : NativeCommandError
 
50 connections


ΓöîΓöÇΓöÇΓöÇΓöÇΓöÇΓöÇΓöÇΓöÇΓö
ÇΓö¼ΓöÇΓöÇΓöÇΓöÇΓöÇΓöÇΓö¼ΓöÇΓ
öÇΓöÇΓöÇΓöÇΓöÇΓöÇΓö¼ΓöÇΓöÇΓöÇ
ΓöÇΓöÇΓöÇΓöÇΓö¼ΓöÇΓöÇΓöÇΓöÇΓö
ÇΓöÇΓöÇΓö¼ΓöÇΓöÇΓöÇΓöÇΓöÇΓöÇΓ
öÇΓöÇΓöÇΓöÇΓö¼ΓöÇΓöÇΓöÇΓöÇΓöÇ
ΓöÇΓöÇΓöÇΓöÇΓöÇΓö¼ΓöÇΓöÇΓöÇΓö
ÇΓöÇΓöÇΓöÇΓöÇΓöÉ
Γöé Stat    Γöé 2.5% Γöé 50% 
  Γöé 97.5% Γöé 99%   Γöé 
Avg      Γöé Stdev    Γöé 
Max    Γöé
Γö£ΓöÇΓöÇΓöÇΓöÇΓöÇΓöÇΓöÇΓöÇΓö
ÇΓö╝ΓöÇΓöÇΓöÇΓöÇΓöÇΓöÇΓö╝ΓöÇΓ
öÇΓöÇΓöÇΓöÇΓöÇΓöÇΓö╝ΓöÇΓöÇΓöÇ
ΓöÇΓöÇΓöÇΓöÇΓö╝ΓöÇΓöÇΓöÇΓöÇΓö
ÇΓöÇΓöÇΓö╝ΓöÇΓöÇΓöÇΓöÇΓöÇΓöÇΓ
öÇΓöÇΓöÇΓöÇΓö╝ΓöÇΓöÇΓöÇΓöÇΓöÇ
ΓöÇΓöÇΓöÇΓöÇΓöÇΓö╝ΓöÇΓöÇΓöÇΓö
ÇΓöÇΓöÇΓöÇΓöÇΓöñ
Γöé Latency Γöé 1 ms Γöé 30 
ms Γöé 65 ms Γöé 76 ms Γöé 
29.39 ms Γöé 16.95 ms Γöé 
123 ms Γöé
ΓööΓöÇΓöÇΓöÇΓöÇΓöÇΓöÇΓöÇΓöÇΓö
ÇΓö┤ΓöÇΓöÇΓöÇΓöÇΓöÇΓöÇΓö┤ΓöÇΓ
öÇΓöÇΓöÇΓöÇΓöÇΓöÇΓö┤ΓöÇΓöÇΓöÇ
ΓöÇΓöÇΓöÇΓöÇΓö┤ΓöÇΓöÇΓöÇΓöÇΓö
ÇΓöÇΓöÇΓö┤ΓöÇΓöÇΓöÇΓöÇΓöÇΓöÇΓ
öÇΓöÇΓöÇΓöÇΓö┤ΓöÇΓöÇΓöÇΓöÇΓöÇ
ΓöÇΓöÇΓöÇΓöÇΓöÇΓö┤ΓöÇΓöÇΓöÇΓö
ÇΓöÇΓöÇΓöÇΓöÇΓöÿ
ΓöîΓöÇΓöÇΓöÇΓöÇΓöÇΓöÇΓöÇΓöÇΓö
ÇΓöÇΓöÇΓö¼ΓöÇΓöÇΓöÇΓöÇΓöÇΓöÇΓ
öÇΓöÇΓöÇΓö¼ΓöÇΓöÇΓöÇΓöÇΓöÇΓöÇ
ΓöÇΓöÇΓöÇΓö¼ΓöÇΓöÇΓöÇΓöÇΓöÇΓö
ÇΓöÇΓöÇΓöÇΓö¼ΓöÇΓöÇΓöÇΓöÇΓöÇΓ
öÇΓöÇΓöÇΓö¼ΓöÇΓöÇΓöÇΓöÇΓöÇΓöÇ
ΓöÇΓöÇΓöÇΓö¼ΓöÇΓöÇΓöÇΓöÇΓöÇΓö
ÇΓöÇΓöÇΓö¼ΓöÇΓöÇΓöÇΓöÇΓöÇΓöÇΓ
öÇΓöÇΓöÇΓöÉ
Γöé Stat      Γöé 1%      
Γöé 2.5%    Γöé 50%     Γöé 
97.5%  Γöé Avg     Γöé Stdev 
 Γöé Min     Γöé
Γö£ΓöÇΓöÇΓöÇΓöÇΓöÇΓöÇΓöÇΓöÇΓö
ÇΓöÇΓöÇΓö╝ΓöÇΓöÇΓöÇΓöÇΓöÇΓöÇΓ
öÇΓöÇΓöÇΓö╝ΓöÇΓöÇΓöÇΓöÇΓöÇΓöÇ
ΓöÇΓöÇΓöÇΓö╝ΓöÇΓöÇΓöÇΓöÇΓöÇΓö
ÇΓöÇΓöÇΓöÇΓö╝ΓöÇΓöÇΓöÇΓöÇΓöÇΓ
öÇΓöÇΓöÇΓö╝ΓöÇΓöÇΓöÇΓöÇΓöÇΓöÇ
ΓöÇΓöÇΓöÇΓö╝ΓöÇΓöÇΓöÇΓöÇΓöÇΓö
ÇΓöÇΓöÇΓö╝ΓöÇΓöÇΓöÇΓöÇΓöÇΓöÇΓ
öÇΓöÇΓöÇΓöñ
Γöé Req/Sec   Γöé 1,034   
Γöé 1,034   Γöé 1,618   Γöé 
2,073  Γöé 1,670.4 Γöé 
272.11 Γöé 1,034   Γöé
Γö£ΓöÇΓöÇΓöÇΓöÇΓöÇΓöÇΓöÇΓöÇΓö
ÇΓöÇΓöÇΓö╝ΓöÇΓöÇΓöÇΓöÇΓöÇΓöÇΓ
öÇΓöÇΓöÇΓö╝ΓöÇΓöÇΓöÇΓöÇΓöÇΓöÇ
ΓöÇΓöÇΓöÇΓö╝ΓöÇΓöÇΓöÇΓöÇΓöÇΓö
ÇΓöÇΓöÇΓöÇΓö╝ΓöÇΓöÇΓöÇΓöÇΓöÇΓ
öÇΓöÇΓöÇΓö╝ΓöÇΓöÇΓöÇΓöÇΓöÇΓöÇ
ΓöÇΓöÇΓöÇΓö╝ΓöÇΓöÇΓöÇΓöÇΓöÇΓö
ÇΓöÇΓöÇΓö╝ΓöÇΓöÇΓöÇΓöÇΓöÇΓöÇΓ
öÇΓöÇΓöÇΓöñ
Γöé Bytes/Sec Γöé 1.44 MB 
Γöé 1.44 MB Γöé 2.26 MB Γöé 
2.9 MB Γöé 2.33 MB Γöé 380 
kB Γöé 1.44 MB Γöé
ΓööΓöÇΓöÇΓöÇΓöÇΓöÇΓöÇΓöÇΓöÇΓö
ÇΓöÇΓöÇΓö┤ΓöÇΓöÇΓöÇΓöÇΓöÇΓöÇΓ
öÇΓöÇΓöÇΓö┤ΓöÇΓöÇΓöÇΓöÇΓöÇΓöÇ
ΓöÇΓöÇΓöÇΓö┤ΓöÇΓöÇΓöÇΓöÇΓöÇΓö
ÇΓöÇΓöÇΓöÇΓö┤ΓöÇΓöÇΓöÇΓöÇΓöÇΓ
öÇΓöÇΓöÇΓö┤ΓöÇΓöÇΓöÇΓöÇΓöÇΓöÇ
ΓöÇΓöÇΓöÇΓö┤ΓöÇΓöÇΓöÇΓöÇΓöÇΓö
ÇΓöÇΓöÇΓö┤ΓöÇΓöÇΓöÇΓöÇΓöÇΓöÇΓ
öÇΓöÇΓöÇΓöÿ

Req/Bytes counts sampled 
once per second.
# of samples: 10

0 2xx responses, 16704 non 
2xx responses
17k requests in 10.04s, 23.3 
MB read
