ΓöîΓöÇΓöÇΓöÇΓöÇΓöÇΓöÇΓöÇΓöÇΓöÇΓö¼ΓöÇΓöÇΓöÇΓöÇΓöÇΓöÇΓöÇΓöÇΓöÇΓöÇΓöÇΓöÇΓöÇΓöÇΓöÇΓöÇΓöÇΓöÇΓöÇΓöÇΓöÇΓöÇΓöÇΓöÇΓöÉ
Γöé (index) Γöé Values                 Γöé
Γö£ΓöÇΓöÇΓöÇΓöÇΓöÇΓöÇΓöÇΓöÇΓöÇΓö╝ΓöÇΓöÇΓöÇΓöÇΓöÇΓöÇΓöÇΓöÇΓöÇΓöÇΓöÇΓöÇΓöÇΓöÇΓöÇΓöÇΓöÇΓöÇΓöÇΓöÇΓöÇΓöÇΓöÇΓöÇΓöñ
Γöé 0       Γöé 'admin_audit_log'      Γöé
Γöé 1       Γöé 'admin_users'          Γöé
Γöé 2       Γöé 'announcements'        Γöé
Γöé 3       Γöé 'blocks'               Γöé
Γöé 4       Γöé 'chat_participants'    Γöé
Γöé 5       Γöé 'chat_rooms'           Γöé
Γöé 6       Γöé 'comments'             Γöé
Γöé 7       Γöé 'communities'          Γöé
Γöé 8       Γöé 'community_members'    Γöé
Γöé 9       Γöé 'connections'          Γöé
Γöé 10      Γöé 'contact_applications' Γöé
Γöé 11      Γöé 'follows'              Γöé
Γöé 12      Γöé 'insights'             Γöé
Γöé 13      Γöé 'interest_tags'        Γöé
Γöé 14      Γöé 'likes'                Γöé
Γöé 15      Γöé 'messages'             Γöé
Γöé 16      Γöé 'notifications'        Γöé
Γöé 17      Γöé 'otp_tokens'           Γöé
Γöé 18      Γöé 'poll_options'         Γöé
Γöé 19      Γöé 'poll_votes'           Γöé
Γöé 20      Γöé 'post_media'           Γöé
Γöé 21      Γöé 'posts'                Γöé
Γöé 22      Γöé 'profile_interests'    Γöé
Γöé 23      Γöé 'push_tokens'          Γöé
Γöé 24      Γöé 'report_evidence'      Γöé
Γöé 25      Γöé 'reports'              Γöé
Γöé 26      Γöé 'saves'                Γöé
Γöé 27      Γöé 'sessions'             Γöé
Γöé 28      Γöé 'shares'               Γöé
Γöé 29      Γöé 'squad_memberships'    Γöé
Γöé 30      Γöé 'squads'               Γöé
Γöé 31      Γöé 'user_auth_providers'  Γöé
Γöé 32      Γöé 'user_profiles'        Γöé
Γöé 33      Γöé 'user_settings'        Γöé
Γöé 34      Γöé 'username_change_log'  Γöé
Γöé 35      Γöé 'users'                Γöé
ΓööΓöÇΓöÇΓöÇΓöÇΓöÇΓöÇΓöÇΓöÇΓöÇΓö┤ΓöÇΓöÇΓöÇΓöÇΓöÇΓöÇΓöÇΓöÇΓöÇΓöÇΓöÇΓöÇΓöÇΓöÇΓöÇΓöÇΓöÇΓöÇΓöÇΓöÇΓöÇΓöÇΓöÇΓöÇΓöÿ
